[    0.000000] Initializing cgroup subsys cpuset
[    0.000000] Initializing cgroup subsys cpu
[    0.000000] Initializing cgroup subsys cpuacct
[    0.000000] Linux version 4.4.0-186-generic (buildd@lcy01-amd64-002) (gcc version 5.4.0 20160609 (Ubuntu 5.4.0-6ubuntu1~16.04.12) ) #216-Ubuntu SMP Wed Jul 1 05:34:05 UTC 2020 (Ubuntu 4.4.0-186.216-generic 4.4.228)
[    0.000000] Command line: BOOT_IMAGE=/boot/vmlinuz-4.4.0-186-generic root=LABEL=cloudimg-rootfs ro console=tty1 console=ttyS0
[    0.000000] KERNEL supported cpus:
[    0.000000]   Intel GenuineIntel
[    0.000000]   AMD AuthenticAMD
[    0.000000]   Centaur CentaurHauls
[    0.000000] x86/fpu: xstate_offset[2]:  576, xstate_sizes[2]:  256
[    0.000000] x86/fpu: Supporting XSAVE feature 0x01: 'x87 floating point registers'
[    0.000000] x86/fpu: Supporting XSAVE feature 0x02: 'SSE registers'
[    0.000000] x86/fpu: Supporting XSAVE feature 0x04: 'AVX registers'
[    0.000000] x86/fpu: Enabled xstate features 0x7, context size is 832 bytes, using 'standard' format.
[    0.000000] e820: BIOS-provided physical RAM map:
[    0.000000] BIOS-e820: [mem 0x0000000000000000-0x000000000009fbff] usable
[    0.000000] BIOS-e820: [mem 0x000000000009fc00-0x000000000009ffff] reserved
[    0.000000] BIOS-e820: [mem 0x00000000000f0000-0x00000000000fffff] reserved
[    0.000000] BIOS-e820: [mem 0x0000000000100000-0x000000003ffeffff] usable
[    0.000000] BIOS-e820: [mem 0x000000003fff0000-0x000000003fffffff] ACPI data
[    0.000000] BIOS-e820: [mem 0x00000000fec00000-0x00000000fec00fff] reserved
[    0.000000] BIOS-e820: [mem 0x00000000fee00000-0x00000000fee00fff] reserved
[    0.000000] BIOS-e820: [mem 0x00000000fffc0000-0x00000000ffffffff] reserved
[    0.000000] NX (Execute Disable) protection: active
[    0.000000] SMBIOS 2.5 present.
[    0.000000] Hypervisor detected: KVM
[    0.000000] e820: last_pfn = 0x3fff0 max_arch_pfn = 0x400000000
[    0.000000] MTRR: Disabled
[    0.000000] x86/PAT: MTRRs disabled, skipping PAT initialization too.
[    0.000000] CPU MTRRs all blank - virtualized system.
[    0.000000] x86/PAT: Configuration [0-7]: WB  WT  UC- UC  WB  WT  UC- UC  
[    0.000000] found SMP MP-table at [mem 0x0009fff0-0x0009ffff] mapped at [ffff88000009fff0]
[    0.000000] Scanning 1 areas for low memory corruption
[    0.000000] RAMDISK: [mem 0x362de000-0x37166fff]
[    0.000000] ACPI: Early table checksum verification disabled
[    0.000000] ACPI: RSDP 0x00000000000E0000 000024 (v02 VBOX  )
[    0.000000] ACPI: XSDT 0x000000003FFF0030 00003C (v01 VBOX   VBOXXSDT 00000001 ASL  00000061)
[    0.000000] ACPI: FACP 0x000000003FFF00F0 0000F4 (v04 VBOX   VBOXFACP 00000001 ASL  00000061)
[    0.000000] ACPI: DSDT 0x000000003FFF0470 002325 (v02 VBOX   VBOXBIOS 00000002 INTL 20100528)
[    0.000000] ACPI: FACS 0x000000003FFF0200 000040
[    0.000000] ACPI: FACS 0x000000003FFF0200 000040
[    0.000000] ACPI: APIC 0x000000003FFF0240 00005C (v02 VBOX   VBOXAPIC 00000001 ASL  00000061)
[    0.000000] ACPI: SSDT 0x000000003FFF02A0 0001CC (v01 VBOX   VBOXCPUT 00000002 INTL 20100528)
[    0.000000] No NUMA configuration found
[    0.000000] Faking a node at [mem 0x0000000000000000-0x000000003ffeffff]
[    0.000000] NODE_DATA(0) allocated [mem 0x3ffeb000-0x3ffeffff]
[    0.000000] kvm-clock: Using msrs 4b564d01 and 4b564d00
[    0.000000] kvm-clock: cpu 0, msr 0:3ffe3001, primary cpu clock
[    0.000000] kvm-clock: using sched offset of 14582825693 cycles
[    0.000000] clocksource: kvm-clock: mask: 0xffffffffffffffff max_cycles: 0x1cd42e4dffb, max_idle_ns: 881590591483 ns
[    0.000000] Zone ranges:
[    0.000000]   DMA      [mem 0x0000000000001000-0x0000000000ffffff]
[    0.000000]   DMA32    [mem 0x0000000001000000-0x000000003ffeffff]
[    0.000000]   Normal   empty
[    0.000000]   Device   empty
[    0.000000] Movable zone start for each node
[    0.000000] Early memory node ranges
[    0.000000]   node   0: [mem 0x0000000000001000-0x000000000009efff]
[    0.000000]   node   0: [mem 0x0000000000100000-0x000000003ffeffff]
[    0.000000] Initmem setup node 0 [mem 0x0000000000001000-0x000000003ffeffff]
[    0.000000] ACPI: PM-Timer IO Port: 0x4008
[    0.000000] IOAPIC[0]: apic_id 2, version 32, address 0xfec00000, GSI 0-23
[    0.000000] ACPI: INT_SRC_OVR (bus 0 bus_irq 0 global_irq 2 dfl dfl)
[    0.000000] ACPI: INT_SRC_OVR (bus 0 bus_irq 9 global_irq 9 low level)
[    0.000000] Using ACPI (MADT) for SMP configuration information
[    0.000000] smpboot: Allowing 2 CPUs, 0 hotplug CPUs
[    0.000000] PM: Registered nosave memory: [mem 0x00000000-0x00000fff]
[    0.000000] PM: Registered nosave memory: [mem 0x0009f000-0x0009ffff]
[    0.000000] PM: Registered nosave memory: [mem 0x000a0000-0x000effff]
[    0.000000] PM: Registered nosave memory: [mem 0x000f0000-0x000fffff]
[    0.000000] e820: [mem 0x40000000-0xfebfffff] available for PCI devices
[    0.000000] Booting paravirtualized kernel on KVM
[    0.000000] clocksource: refined-jiffies: mask: 0xffffffff max_cycles: 0xffffffff, max_idle_ns: 7645519600211568 ns
[    0.000000] setup_percpu: NR_CPUS:512 nr_cpumask_bits:512 nr_cpu_ids:2 nr_node_ids:1
[    0.000000] PERCPU: Embedded 33 pages/cpu @ffff88003fc00000 s95512 r8192 d31464 u1048576
[    0.000000] Built 1 zonelists in Node order, mobility grouping on.  Total pages: 257912
[    0.000000] Policy zone: DMA32
[    0.000000] Kernel command line: BOOT_IMAGE=/boot/vmlinuz-4.4.0-186-generic root=LABEL=cloudimg-rootfs ro console=tty1 console=ttyS0
[    0.000000] PID hash table entries: 4096 (order: 3, 32768 bytes)
[    0.000000] Memory: 997660K/1048120K available (8636K kernel code, 1337K rwdata, 4040K rodata, 1492K init, 1296K bss, 50460K reserved, 0K cma-reserved)
[    0.000000] SLUB: HWalign=64, Order=0-3, MinObjects=0, CPUs=2, Nodes=1
[    0.000000] Kernel/User page tables isolation: enabled
[    0.000000] Hierarchical RCU implementation.
[    0.000000] 	Build-time adjustment of leaf fanout to 64.
[    0.000000] 	RCU restricting CPUs from NR_CPUS=512 to nr_cpu_ids=2.
[    0.000000] RCU: Adjusting geometry for rcu_fanout_leaf=64, nr_cpu_ids=2
[    0.000000] NR_IRQS:33024 nr_irqs:440 16
[    0.000000] Console: colour VGA+ 80x25
[    0.000000] console [tty1] enabled
[    0.000000] console [ttyS0] enabled
[    0.000000] tsc: Detected 2699.998 MHz processor
[    3.283721] Calibrating delay loop (skipped) preset value.. 5399.99 BogoMIPS (lpj=10799992)
[    3.303357] pid_max: default: 32768 minimum: 301
[    3.325673] ACPI: Core revision 20150930
[    3.362354] ACPI: 2 ACPI AML tables successfully acquired and loaded
[    3.373600] Security Framework initialized
[    3.405170] Yama: becoming mindful.
[    3.440397] AppArmor: AppArmor initialized
[    3.503319] Dentry cache hash table entries: 131072 (order: 8, 1048576 bytes)
[    3.593474] Inode-cache hash table entries: 65536 (order: 7, 524288 bytes)
[    3.637367] Mount-cache hash table entries: 2048 (order: 2, 16384 bytes)
[    3.702667] Mountpoint-cache hash table entries: 2048 (order: 2, 16384 bytes)
[    3.739188] Initializing cgroup subsys io
[    3.786841] Initializing cgroup subsys memory
[    3.800706] Initializing cgroup subsys devices
[    3.817814] Initializing cgroup subsys freezer
[    3.869383] Initializing cgroup subsys net_cls
[    3.906647] Initializing cgroup subsys perf_event
[    3.970810] Initializing cgroup subsys net_prio
[    4.040273] Initializing cgroup subsys hugetlb
[    4.175007] Initializing cgroup subsys pids
[    4.336923] mce: CPU supports 0 MCE banks
[    4.350581] Last level iTLB entries: 4KB 64, 2MB 8, 4MB 8
[    4.355930] Last level dTLB entries: 4KB 64, 2MB 0, 4MB 0, 1GB 4
[    4.397734] Spectre V1 : Mitigation: usercopy/swapgs barriers and __user pointer sanitization
[    4.415877] Spectre V2 : Mitigation: Full generic retpoline
[    4.474386] Spectre V2 : Spectre v2 / SpectreRSB mitigation: Filling RSB on context switch
[    4.606961] Speculative Store Bypass: Vulnerable
[    4.635287] SRBDS: Unknown: Dependent on hypervisor status
[    4.704289] MDS: Mitigation: Clear CPU buffers
[    4.840868] Freeing SMP alternatives memory: 36K
[    5.006327] ftrace: allocating 32334 entries in 127 pages
[    5.724967] smpboot: APIC(0) Converting physical 0 to logical package 0
[    5.813722] smpboot: Max logical packages: 1
[    5.832030] x2apic enabled
[    5.834990] Switched APIC routing to physical x2apic.
[    5.893622] ..TIMER: vector=0x30 apic1=0 pin1=2 apic2=-1 pin2=-1
[    6.008533] APIC calibration not consistent with PM-Timer: 102ms instead of 100ms
[    6.073773] APIC delta adjusted to PM-Timer: 6256658 (6414109)
[    6.105368] smpboot: CPU0: Intel(R) Core(TM) i5-5257U CPU @ 2.70GHz (family: 0x6, model: 0x3d, stepping: 0x4)
[    6.304006] Performance Events: unsupported p6 CPU model 61 no PMU driver, software events only.
[    6.419962] KVM setup paravirtual spinlock
[    6.504614] x86: Booting SMP configuration:
[    6.507904] .... node  #0, CPUs:      #1
[    6.529987] kvm-clock: cpu 1, msr 0:3ffe3041, secondary cpu clock
[    6.536136] mce: CPU supports 0 MCE banks
[    6.541245] x86: Booted up 1 node, 2 CPUs
[    6.562210] smpboot: Total of 2 processors activated (10799.99 BogoMIPS)
[    6.573254] devtmpfs: initialized
[    6.593380] evm: security.selinux
[    6.602463] evm: security.SMACK64
[    6.607821] evm: security.SMACK64EXEC
[    6.611182] evm: security.SMACK64TRANSMUTE
[    6.675019] evm: security.SMACK64MMAP
[    6.742573] evm: security.ima
[    7.039617] evm: security.capability
[    7.274111] clocksource: jiffies: mask: 0xffffffff max_cycles: 0xffffffff, max_idle_ns: 7645041785100000 ns
[    7.353841] futex hash table entries: 512 (order: 3, 32768 bytes)
[    7.373648] pinctrl core: initialized pinctrl subsystem
[    7.376508] RTC time: 16:10:01, date: 07/28/20
[    7.405975] NET: Registered protocol family 16
[    7.463235] cpuidle: using governor ladder
[    7.500350] cpuidle: using governor menu
[    7.505747] PCCT header not found.
[    7.521596] ACPI: bus type PCI registered
[    7.536016] acpiphp: ACPI Hot Plug PCI Controller Driver version: 0.5
[    7.702080] PCI: Using configuration type 1 for base access
[    7.758889] ACPI: Added _OSI(Module Device)
[    7.774509] ACPI: Added _OSI(Processor Device)
[    7.807784] ACPI: Added _OSI(3.0 _SCP Extensions)
[    7.833188] ACPI: Added _OSI(Processor Aggregator Device)
[    7.839304] ACPI: Executed 1 blocks of module-level executable AML code
[    7.875078] ACPI: Interpreter enabled
[    7.876266] ACPI: (supports S0 S5)
[    7.893964] ACPI: Using IOAPIC for interrupt routing
[    7.909402] PCI: Using host bridge windows from ACPI; if necessary, use "pci=nocrs" and report a bug
[    8.020705] ACPI: PCI Root Bridge [PCI0] (domain 0000 [bus 00-ff])
[    8.038364] acpi PNP0A03:00: _OSC: OS supports [ASPM ClockPM Segments MSI]
[    8.074715] acpi PNP0A03:00: _OSC: not requesting OS control; OS requires [ExtendedConfig ASPM ClockPM MSI]
[    8.125750] acpi PNP0A03:00: fail to add MMCONFIG information, can't access extended PCI configuration space under this bridge.
[    8.142185] PCI host bridge to bus 0000:00
[    8.144260] pci_bus 0000:00: root bus resource [io  0x0000-0x0cf7 window]
[    8.168564] pci_bus 0000:00: root bus resource [io  0x0d00-0xffff window]
[    8.173040] pci_bus 0000:00: root bus resource [mem 0x000a0000-0x000bffff window]
[    8.176442] pci_bus 0000:00: root bus resource [mem 0x40000000-0xfdffffff window]
[    8.194231] pci_bus 0000:00: root bus resource [bus 00-ff]
[    8.258334] pci 0000:00:01.1: legacy IDE quirk: reg 0x10: [io  0x01f0-0x01f7]
[    8.269470] pci 0000:00:01.1: legacy IDE quirk: reg 0x14: [io  0x03f6]
[    8.300285] pci 0000:00:01.1: legacy IDE quirk: reg 0x18: [io  0x0170-0x0177]
[    8.325799] pci 0000:00:01.1: legacy IDE quirk: reg 0x1c: [io  0x0376]
[    8.474597] pci 0000:00:07.0: quirk: [io  0x4000-0x403f] claimed by PIIX4 ACPI
[    8.480179] pci 0000:00:07.0: quirk: [io  0x4100-0x410f] claimed by PIIX4 SMB
[    8.601956] ACPI: PCI Interrupt Link [LNKA] (IRQs 5 9 10 *11)
[    8.633271] ACPI: PCI Interrupt Link [LNKB] (IRQs 5 9 *10 11)
[    8.636745] ACPI: PCI Interrupt Link [LNKC] (IRQs 5 *9 10 11)
[    8.639557] ACPI: PCI Interrupt Link [LNKD] (IRQs 5 9 10 *11)
[    8.642783] ACPI: Enabled 2 GPEs in block 00 to 07
[    8.671034] vgaarb: setting as boot device: PCI:0000:00:02.0
[    8.673392] vgaarb: device added: PCI:0000:00:02.0,decodes=io+mem,owns=io+mem,locks=none
[    8.703667] vgaarb: loaded
[    8.710410] vgaarb: bridge control possible 0000:00:02.0
[    8.731782] SCSI subsystem initialized
[    8.734864] ACPI: bus type USB registered
[    8.755264] usbcore: registered new interface driver usbfs
[    8.774744] usbcore: registered new interface driver hub
[    8.777927] usbcore: registered new device driver usb
[    8.801469] PCI: Using ACPI for IRQ routing
[    8.825942] NetLabel: Initializing
[    8.840815] NetLabel:  domain hash size = 128
[    8.842366] NetLabel:  protocols = UNLABELED CIPSOv4
[    8.843706] NetLabel:  unlabeled traffic allowed by default
[    8.868422] amd_nb: Cannot enumerate AMD northbridges
[    8.870687] clocksource: Switched to clocksource kvm-clock
[    9.008179] AppArmor: AppArmor Filesystem Enabled
[    9.077002] pnp: PnP ACPI init
[    9.136750] pnp: PnP ACPI: found 3 devices
[    9.255187] clocksource: acpi_pm: mask: 0xffffff max_cycles: 0xffffff, max_idle_ns: 2085701024 ns
[    9.272777] NET: Registered protocol family 2
[    9.276659] TCP established hash table entries: 8192 (order: 4, 65536 bytes)
[    9.335035] TCP bind hash table entries: 8192 (order: 5, 131072 bytes)
[    9.360332] TCP: Hash tables configured (established 8192 bind 8192)
[    9.391334] UDP hash table entries: 512 (order: 2, 16384 bytes)
[    9.401322] UDP-Lite hash table entries: 512 (order: 2, 16384 bytes)
[    9.405363] NET: Registered protocol family 1
[    9.407849] pci 0000:00:00.0: Limiting direct PCI/PCI transfers
[    9.412182] pci 0000:00:01.0: Activating ISA DMA hang workarounds
[    9.461626] Unpacking initramfs...
[   10.319912] Freeing initrd memory: 14884K
[   10.324677] RAPL PMU detected, API unit is 2^-32 Joules, 4 fixed counters 10737418240 ms ovfl timer
[   10.327757] hw unit of domain pp0-core 2^-0 Joules
[   10.337931] hw unit of domain package 2^-0 Joules
[   10.340977] hw unit of domain dram 2^-0 Joules
[   10.342313] hw unit of domain pp1-gpu 2^-0 Joules
[   10.357946] clocksource: tsc: mask: 0xffffffffffffffff max_cycles: 0x26eb3cc21a9, max_idle_ns: 440795299783 ns
[   10.379010] platform rtc_cmos: registered platform RTC device (no PNP device found)
[   10.393245] Scanning for low memory corruption every 60 seconds
[   10.404272] audit: initializing netlink subsys (disabled)
[   10.408992] audit: type=2000 audit(1595952613.078:1): initialized
[   10.418236] Initialise system trusted keyring
[   10.422026] HugeTLB registered 2 MB page size, pre-allocated 0 pages
[   10.429415] zbud: loaded
[   10.436519] VFS: Disk quotas dquot_6.6.0
[   10.438581] VFS: Dquot-cache hash table entries: 512 (order 0, 4096 bytes)
[   10.440868] squashfs: version 4.0 (2009/01/31) Phillip Lougher
[   10.454139] fuse init (API version 7.23)
[   10.461269] Key type big_key registered
[   10.469269] Allocating IMA MOK and blacklist keyrings.
[   10.476668] Key type asymmetric registered
[   10.484231] Asymmetric key parser 'x509' registered
[   10.507819] Block layer SCSI generic (bsg) driver version 0.4 loaded (major 249)
[   10.533776] io scheduler noop registered
[   10.535977] io scheduler deadline registered (default)
[   10.542738] io scheduler cfq registered
[   10.560445] pci_hotplug: PCI Hot Plug PCI Core version: 0.5
[   10.577354] pciehp: PCI Express Hot Plug Controller Driver version: 0.4
[   10.591856] ACPI: AC Adapter [AC] (off-line)
[   10.595747] input: Power Button as /devices/LNXSYSTM:00/LNXPWRBN:00/input/input0
[   10.607573] ACPI: Power Button [PWRF]
[   10.609444] input: Sleep Button as /devices/LNXSYSTM:00/LNXSLPBN:00/input/input1
[   10.621930] ACPI: Sleep Button [SLPF]
[   10.644924] GHES: HEST is not enabled!
[   10.664750] ACPI: Battery Slot [BAT0] (battery present)
[   10.672180] Serial: 8250/16550 driver, 32 ports, IRQ sharing enabled
[   10.740144] 00:02: ttyS0 at I/O 0x3f8 (irq = 4, base_baud = 115200) is a 16550A
[   10.751076] Linux agpgart interface v0.103
[   10.794334] loop: module loaded
[   10.807296] scsi host0: ata_piix
[   10.824100] scsi host1: ata_piix
[   10.829972] ata1: PATA max UDMA/33 cmd 0x1f0 ctl 0x3f6 bmdma 0xd000 irq 14
[   10.845743] ata2: PATA max UDMA/33 cmd 0x170 ctl 0x376 bmdma 0xd008 irq 15
[   10.894268] libphy: Fixed MDIO Bus: probed
[   10.901347] tun: Universal TUN/TAP device driver, 1.6
[   10.903733] tun: (C) 1999-2004 Max Krasnyansky <maxk@qualcomm.com>
[   10.908682] PPP generic driver version 2.4.2
[   10.942830] ehci_hcd: USB 2.0 'Enhanced' Host Controller (EHCI) Driver
[   10.958954] ehci-pci: EHCI PCI platform driver
[   10.980920] ehci-platform: EHCI generic platform driver
[   10.996883] ohci_hcd: USB 1.1 'Open' Host Controller (OHCI) Driver
[   11.038742] ohci-pci: OHCI PCI platform driver
[   11.044979] ohci-platform: OHCI generic platform driver
[   11.137194] uhci_hcd: USB Universal Host Controller Interface driver
[   11.142590] i8042: PNP: PS/2 Controller [PNP0303:PS2K,PNP0f03:PS2M] at 0x60,0x64 irq 1,12
[   11.176863] serio: i8042 KBD port at 0x60,0x64 irq 1
[   11.189166] serio: i8042 AUX port at 0x60,0x64 irq 12
[   11.205354] mousedev: PS/2 mouse device common for all mice
[   11.228455] rtc_cmos rtc_cmos: rtc core: registered rtc_cmos as rtc0
[   11.242496] rtc_cmos rtc_cmos: alarms up to one day, 114 bytes nvram
[   11.274133] i2c /dev entries driver
[   11.276966] device-mapper: uevent: version 1.0.3
[   11.278303] input: AT Translated Set 2 keyboard as /devices/platform/i8042/serio0/input/input2
[   11.310831] device-mapper: ioctl: 4.34.0-ioctl (2015-10-28) initialised: dm-devel@redhat.com
[   11.343276] ledtrig-cpu: registered to indicate activity on CPUs
[   11.356971] NET: Registered protocol family 10
[   11.378179] NET: Registered protocol family 17
[   11.404901] Key type dns_resolver registered
[   11.420267] registered taskstats version 1
[   11.436442] Loading compiled-in X.509 certificates
[   11.439012] Loaded X.509 cert 'Build time autogenerated kernel key: cef5e81496c0efa51b848ab539e845ddf31c08be'
[   11.473523] zswap: loaded using pool lzo/zbud
[   11.495076] Key type trusted registered
[   11.519501] Key type encrypted registered
[   11.525638] AppArmor: AppArmor sha1 policy hashing enabled
[   11.527581] ima: No TPM chip found, activating TPM-bypass!
[   11.529747] ima: Allocated hash algorithm: sha1
[   11.537987] evm: HMAC attrs: 0x1
[   11.561866]   Magic number: 12:424:187
[   11.571653] rtc_cmos rtc_cmos: setting system clock to 2020-07-28 16:10:06 UTC (1595952606)
[   11.593814] BIOS EDD facility v0.16 2004-Jun-25, 0 devices found
[   11.603027] EDD information not available.
[   11.625130] Freeing unused kernel memory: 1492K
[   11.647295] Write protecting the kernel read-only data: 14336k
[   11.670967] Freeing unused kernel memory: 1592K
[   11.672644] Freeing unused kernel memory: 56K
Loading, please wait...
starting version 229
[   11.772161] random: systemd-udevd: uninitialized urandom read (16 bytes read, 5 bits of entropy available)
[   11.772666] random: udevadm: uninitialized urandom read (16 bytes read, 5 bits of entropy available)
[   11.772693] random: udevadm: uninitialized urandom read (16 bytes read, 5 bits of entropy available)
[   11.804253] random: udevadm: uninitialized urandom read (16 bytes read, 5 bits of entropy available)
[   11.804297] random: udevadm: uninitialized urandom read (16 bytes read, 5 bits of entropy available)
[   11.804734] random: udevadm: uninitialized urandom read (16 bytes read, 5 bits of entropy available)
[   11.804834] random: udevadm: uninitialized urandom read (16 bytes read, 5 bits of entropy available)
[   11.804901] random: udevadm: uninitialized urandom read (16 bytes read, 5 bits of entropy available)
[   11.804968] random: udevadm: uninitialized urandom read (16 bytes read, 5 bits of entropy available)
[   11.805030] random: udevadm: uninitialized urandom read (16 bytes read, 5 bits of entropy available)
[   13.137532] Fusion MPT base driver 3.04.20
[   13.141124] Copyright (c) 1999-2008 LSI Corporation
[   13.143717] e1000: Intel(R) PRO/1000 Network Driver - version 7.3.21-k8-NAPI
[   13.175133] e1000: Copyright (c) 1999-2006 Intel Corporation.
[   13.843620] Fusion MPT SPI Host driver 3.04.20
[   14.363299] input: ImExPS/2 Generic Explorer Mouse as /devices/platform/i8042/serio1/input/input4
[   14.807879] AVX2 version of gcm_enc/dec engaged.
[   14.814157] AES CTR mode by8 optimization enabled
[   16.897156] e1000 0000:00:03.0 eth0: (PCI:33MHz:32-bit) 02:81:88:50:25:98
[   16.910783] e1000 0000:00:03.0 eth0: Intel(R) PRO/1000 Network Connection
[   16.941812] mptbase: ioc0: Initiating bringup
[   17.037801] ioc0: LSI53C1030 A0: Capabilities={Initiator}
[   17.239392] scsi host2: ioc0: LSI53C1030 A0, FwRev=00000000h, Ports=1, MaxQ=256, IRQ=20
[   17.372315] scsi 2:0:0:0: Direct-Access     VBOX     HARDDISK         1.0  PQ: 0 ANSI: 5
[   17.380942] scsi target2:0:0: Beginning Domain Validation
[   17.439645] scsi target2:0:0: Domain Validation skipping write tests
[   17.443327] scsi target2:0:0: Ending Domain Validation
[   17.447555] scsi target2:0:0: asynchronous
[   17.452234] scsi 2:0:1:0: Direct-Access     VBOX     HARDDISK         1.0  PQ: 0 ANSI: 5
[   17.461315] scsi target2:0:1: Beginning Domain Validation
[   17.503203] scsi target2:0:1: Domain Validation skipping write tests
[   17.509013] scsi target2:0:1: Ending Domain Validation
[   17.528498] scsi target2:0:1: asynchronous
[   17.579827] sd 2:0:0:0: Attached scsi generic sg0 type 0
[   17.586342] sd 2:0:0:0: [sda] 20971520 512-byte logical blocks: (10.7 GB/10.0 GiB)
[   17.586582] sd 2:0:1:0: Attached scsi generic sg1 type 0
[   17.664386] sd 2:0:1:0: [sdb] 20480 512-byte logical blocks: (10.5 MB/10.0 MiB)
[   17.680639] sd 2:0:0:0: [sda] Write Protect is off
[   17.704005] sd 2:0:1:0: [sdb] Write Protect is off
[   17.726319] sd 2:0:0:0: [sda] Incomplete mode parameter data
[   17.746851] sd 2:0:0:0: [sda] Assuming drive cache: write through
[   17.794924] sd 2:0:1:0: [sdb] Incomplete mode parameter data
[   17.812660] sd 2:0:1:0: [sdb] Assuming drive cache: write through
[   17.867860]  sda: sda1
[   17.880270] sd 2:0:0:0: [sda] Attached SCSI disk
[   17.909543] sd 2:0:1:0: [sdb] Attached SCSI disk
[   20.161305] e1000 0000:00:08.0 eth1: (PCI:33MHz:32-bit) 08:00:27:f1:de:16
[   20.177422] e1000 0000:00:08.0 eth1: Intel(R) PRO/1000 Network Connection
[   20.215776] e1000 0000:00:08.0 enp0s8: renamed from eth1
[   20.263999] e1000 0000:00:03.0 enp0s3: renamed from eth0
Begin: Loading essential drivers ... [   23.368509] md: linear personality registered for level -1
[   23.383179] md: multipath personality registered for level -4
[   23.398345] md: raid0 personality registered for level 0
[   23.417439] md: raid1 personality registered for level 1
[   23.514697] raid6: sse2x1   gen()  3437 MB/s
[   23.583024] raid6: sse2x1   xor()  3104 MB/s
[   23.658232] raid6: sse2x2   gen()  3688 MB/s
[   23.748979] raid6: sse2x2   xor()  2204 MB/s
[   23.923861] raid6: sse2x4   gen()  4731 MB/s
[   23.995107] raid6: sse2x4   xor()  2187 MB/s
[   24.079639] raid6: avx2x1   gen()  3473 MB/s
[   24.146716] raid6: avx2x2   gen()  5375 MB/s
[   24.215838] raid6: avx2x4   gen()  1027 MB/s
[   24.245997] raid6: using algorithm avx2x2 gen() 5375 MB/s
[   24.252019] raid6: using avx2x2 recovery algorithm
[   24.349798] xor: automatically using best checksumming function:
[   24.478234]    avx       :  9460.000 MB/sec
[   24.492496] async_tx: api initialized (async)
[   24.649610] md: raid6 personality registered for level 6
[   24.745762] md: raid5 personality registered for level 5
[   24.793671] md: raid4 personality registered for level 4
[   24.946291] md: raid10 personality registered for level 10
done.
Begin: Running /scripts/init-premount ... done.
Begin: Mounting root file system ... Begin: Running /scripts/local-top ... done.
Begin: Running /scripts/local-premount ... [   25.230648] Btrfs loaded
Scanning for Btrfs filesystems
done.
Warning: fsck not present, so skipping root file system
[   25.527066] EXT4-fs (sda1): mounted filesystem with ordered data mode. Opts: (null)
done.
Begin: Running /scripts/local-bottom ... done.
Begin: Running /scripts/init-bottom ... done.
[   25.918155] random: nonblocking pool is initialized
[   26.029487] systemd[1]: systemd 229 running in system mode. (+PAM +AUDIT +SELINUX +IMA +APPARMOR +SMACK +SYSVINIT +UTMP +LIBCRYPTSETUP +GCRYPT +GNUTLS +ACL +XZ -LZ4 +SECCOMP +BLKID +ELFUTILS +KMOD -IDN)
[   26.060255] systemd[1]: Detected virtualization oracle.
[   26.078780] systemd[1]: Detected architecture x86-64.

Welcome to [1mUbuntu 16.04.6 LTS[0m!

[   26.091044] systemd[1]: Set hostname to <ubuntu>.
[   26.120080] systemd[1]: Initializing machine ID from random generator.
[   26.147292] systemd[1]: Installed transient /etc/machine-id file.
[   27.435307] systemd[1]: Listening on Journal Socket.
[[0;32m  OK  [0m] Listening on Journal Socket.
[   27.501116] systemd[1]: Started Forward Password Requests to Wall Directory Watch.
[[0;32m  OK  [0m] Started Forward Password Requests to Wall Directory Watch.
[   27.519238] systemd[1]: Reached target Swap.
[[0;32m  OK  [0m] Reached target Swap.
[   27.525033] systemd[1]: Listening on Syslog Socket.
[[0;32m  OK  [0m] Listening on Syslog Socket.
[   27.552926] systemd[1]: Created slice System Slice.
[[0;32m  OK  [0m] Created slice System Slice.
[   27.630923] systemd[1]: Mounting POSIX Message Queue File System...
         Mounting POSIX Message Queue File System...
[   27.826232] systemd[1]: Starting Load Kernel Modules...
         Starting Load Kernel Modules...
[   27.850405] systemd[1]: Starting Remount Root and Kernel File Systems...
         Starting Remount Root and Kernel File Systems...
[   27.896463] systemd[1]: Reached target User and Group Name Lookups.
[   27.931782] Loading iSCSI transport class v2.0-870.
[   27.951696] EXT4-fs (sda1): re-mounted. Opts: (null)
[[0;32m  OK  [0m] Reached target User and Group Name Lookups.
[   28.030742] iscsi: registered transport (tcp)
[   28.062866] systemd[1]: Starting Set console keymap...
         Starting Set console keymap...
[   28.126746] systemd[1]: Mounting Debug File System...
         Mounting Debug File System...
[   28.159352] systemd[1]: Listening on Journal Socket (/dev/log).
[[0;32m  OK  [0m] Listening on Journal Socket (/dev/log).
[   28.195364] systemd[1]: Mounting Huge Pages File System...
         Mounting Huge Pages File System...
[   28.228884] systemd[1]: Listening on /dev/initctl Compatibility Named Pipe.
[[0;32m  OK  [0m[   28.235565] iscsi: registered transport (iser)
] Listening on /dev/initctl Compatibility Named Pipe.
[   28.261108] systemd[1]: Started Trigger resolvconf update for networkd DNS.
[[0;32m  OK  [0m] Started Trigger resolvconf update for networkd DNS.
[   28.284097] systemd[1]: Listening on Device-mapper event daemon FIFOs.
[[0;32m  OK  [0m] Listening on Device-mapper event daemon FIFOs.
[   28.327649] systemd[1]: Starting Nameserver information manager...
         Starting Nameserver information manager...
[   28.348944] systemd[1]: Listening on udev Control Socket.
[[0;32m  OK  [0m] Listening on udev Control Socket.
[   28.363351] systemd[1]: Created slice system-serial\x2dgetty.slice.
[[0;32m  OK  [0m] Created slice system-serial\x2dgetty.slice.
[   28.381777] systemd[1]: Reached target System Time Synchronized.
[[0;32m  OK  [0m] Reached target System Time Synchronized.
[   28.397341] systemd[1]: Set up automount Arbitrary Executable File Formats File System Automount Point.
[[0;32m  OK  [0m] Set up automount Arbitrary Executab...ats File System Automount Point.
[   28.415998] systemd[1]: Listening on Journal Audit Socket.
[[0;32m  OK  [0m] Listening on Journal Audit Socket.
[   28.435631] systemd[1]: Starting Journal Service...
         Starting Journal Service...
[   28.460055] systemd[1]: Listening on udev Kernel Socket.
[[0;32m  OK  [0m] Listening on udev Kernel Socket.
[   28.466723] systemd[1]: Starting Uncomplicated firewall...
         Starting Uncomplicated firewall...
[   28.495016] systemd[1]: Listening on LVM2 poll daemon socket.
[[0;32m  OK  [0m] Listening on LVM2 poll daemon socket.
[   28.526452] systemd[1]: Created slice User and Session Slice.
[[0;32m  OK  [0m] Created slice User and Session Slice.
[   28.551198] systemd[1]: Reached target Slices.
[[0;32m  OK  [0m] Reached target Slices.
[   28.595652] systemd[1]: Reached target Encrypted Volumes.
[[0;32m  OK  [0m] Reached target Encrypted Volumes.
[   28.687081] systemd[1]: Starting Create list of required static device nodes for the current kernel...
         Starting Create list of required st... nodes for the current kernel...
[   28.737500] systemd[1]: Listening on LVM2 metadata daemon socket.
[[0;32m  OK  [0m] Listening on LVM2 metadata daemon socket.
[   28.785724] systemd[1]: Starting Monitoring of LVM2 mirrors, snapshots etc. using dmeventd or progress polling...
         Starting Monitoring of LVM2 mirrors... dmeventd or progress polling...
[   28.856709] systemd[1]: Mounted Huge Pages File System.
[[0;32m  OK  [0m] Mounted Huge Pages File System.
[   28.886269] systemd[1]: Mounted POSIX Message Queue File System.
[[0;32m  OK  [0m] Mounted POSIX Message Queue File System.
[   29.060052] systemd[1]: Mounted Debug File System.
[[0;32m  OK  [0m] Mounted Debug File System.
[   29.129370] systemd[1]: Started Journal Service.
[[0;32m  OK  [0m] Started Journal Service.
[[0;32m  OK  [0m] Started Load Kernel Modules.
[[0;32m  OK  [0m] Started Remount Root and Kernel File Systems.
[[0;32m  OK  [0m] Started Set console keymap.
[[0;32m  OK  [0m] Started Uncomplicated firewall.
[[0;32m  OK  [0m] Started Create list of required sta...ce nodes for the current kernel.
[[0;32m  OK  [0m] Started Nameserver information manager.
[[0;32m  OK  [0m] Started LVM2 metadata daemon.
         Starting Create Static Device Nodes in /dev...
         Starting udev Coldplug all Devices...
         Starting Load/Save Random Seed...
         Mounting FUSE Control File System...
         Starting Apply Kernel Variables...
         Starting Flush Journal to Persistent Storage...
[[0;32m  OK  [0m] Mounted FUSE Control File System.
[[0;32m  OK  [0m] Started Create Static Device Nodes in /dev.
[[0;32m  OK  [0m] Started Load/Save Random Seed.
[[0;32m  OK  [0m] Started Apply Kernel Variables.
         Starting udev Kernel Device Manager...
[[0;32m  OK  [0m] Started Flush Journal to Persistent Storage.
[[0;32m  OK  [0m] Started Monitoring of LVM2 mirrors,...ng dmeventd or progress polling.
[[0;32m  OK  [0m] Reached target Local File Systems (Pre).
[[0;32m  OK  [0m] Reached target Local File Systems.
         Starting LSB: AppArmor initialization...
         Starting Set console font and keymap...
         Starting Create Volatile Files and Directories...
         Starting Initial cloud-init job (pre-networking)...
         Starting Tell Plymouth To Write Out Runtime Data...
         Starting Commit a transient machine-id on disk...
[[0;32m  OK  [0m] Started Create Volatile Files and Directories.
[[0;32m  OK  [0m] Started Tell Plymouth To Write Out Runtime Data.
         Starting Update UTMP about System Boot/Shutdown...
[[0;32m  OK  [0m] Started udev Coldplug all Devices.
[[0;32m  OK  [0m] Started Commit a transient machine-id on disk.
[[0;32m  OK  [0m] Started udev Kernel Device Manager.
[[0;32m  OK  [0m] Started Dispatch Password Requests to Console Directory Watch.
[[0;32m  OK  [0m] Started Update UTMP about System Boot/Shutdown.
[[0;32m  OK  [0m] Found device /dev/ttyS0.
[[0;32m  OK  [0m] Listening on Load/Save RF Kill Switch Status /dev/rfkill Watch.
[[0;32m  OK  [0m] Started LSB: AppArmor initialization.
         Starting Load AppArmor profiles managed internally by snapd...
[[0;32m  OK  [0m] Started Load AppArmor profiles managed internally by snapd.
[   35.030524] cloud-init[482]: Cloud-init v. 20.2-45-g5f7825e2-0ubuntu1~16.04.1 running 'init-local' at Tue, 28 Jul 2020 16:10:34 +0000. Up 31.76 seconds.
[[0;32m  OK  [0m] Started Initial cloud-init job (pre-networking).
[[0;32m  OK  [0m] Reached target Network (Pre).
         Starting Raise network interfaces...
[[0;32m  OK  [0m] Started Set console font and keymap.
[[0;32m  OK  [0m] Created slice system-getty.slice.
[[0;32m  OK  [0m] Started Raise network interfaces.
[[0;32m  OK  [0m] Reached target Network.
         Starting Initial cloud-init job (metadata service crawler)...
[   46.062343] cloud-init[971]: Cloud-init v. 20.2-45-g5f7825e2-0ubuntu1~16.04.1 running 'init' at Tue, 28 Jul 2020 16:10:44 +0000. Up 41.65 seconds.
[   46.124815] cloud-init[971]: ci-info: ++++++++++++++++++++++++++++++++++++++Net device info+++++++++++++++++++++++++++++++++++++++
[   46.140983] cloud-init[971]: ci-info: +--------+-------+----------------------------+---------------+--------+-------------------+
[   46.170990] cloud-init[971]: ci-info: | Device |   Up  |          Address           |      Mask     | Scope  |     Hw-Address    |
[   46.179150] cloud-init[971]: ci-info: +--------+-------+----------------------------+---------------+--------+-------------------+
[   46.279212] cloud-init[971]: ci-info: | enp0s3 |  True |         10.0.2.15          | 255.255.255.0 | global | 02:81:88:50:25:98 |
[   46.307957] cloud-init[971]: ci-info: | enp0s3 |  True | fe80::81:88ff:fe50:2598/64 |       .       |  link  | 02:81:88:50:25:98 |
[   46.328880] cloud-init[971]: ci-info: | enp0s8 | False |             .              |       .       |   .    | 08:00:27:f1:de:16 |
[   46.345016] cloud-init[971]: ci-info: |   lo   |  True |         127.0.0.1          |   255.0.0.0   |  host  |         .         |
[   46.354315] cloud-init[971]: ci-info: |   lo   |  True |          ::1/128           |       .       |  host  |         .         |
[   46.376768] cloud-init[971]: ci-info: +--------+-------+----------------------------+---------------+--------+-------------------+
[   46.379207] cloud-init[971]: ci-info: +++++++++++++++++++++++++++Route IPv4 info++++++++++++++++++++++++++++
[   46.409158] cloud-init[971]: ci-info: +-------+-------------+----------+---------------+-----------+-------+
[   46.434911] cloud-init[971]: ci-info: | Route | Destination | Gateway  |    Genmask    | Interface | Flags |
[   46.442940] cloud-init[971]: ci-info: +-------+-------------+----------+---------------+-----------+-------+
[   46.447165] cloud-init[971]: ci-info: |   0   |   0.0.0.0   | 10.0.2.2 |    0.0.0.0    |   enp0s3  |   UG  |
[   46.447322] cloud-init[971]: ci-info: |   1   |   10.0.2.0  | 0.0.0.0  | 255.255.255.0 |   enp0s3  |   U   |
[   46.447459] cloud-init[971]: ci-info: +-------+-------------+----------+---------------+-----------+-------+
[   46.447601] cloud-init[971]: ci-info: +++++++++++++++++++Route IPv6 info+++++++++++++++++++
[[0;32m  OK  [0m] Started Initial cloud-init job (metadata service crawler).
[   46.459548] cloud-init[971]: ci-info: +-------+-------------+---------+-----------+-------+
[   46.504277] [[0;32m  OK  [0m] Reached target System Initialization.
[[0;32m  OK  [0m] Started Daily apt download activities.
         Starting Socket activation for snappy daemon.
cloud-init[971]: ci-info: | Route | Destination | Gateway | Interface | Flags |
[   46.644522] [cloud-init[0;32m  OK  [0m[971]: ] ci-info: +-------+-------------+---------+-----------+-------+Listening on D-Bus System Message Bus Socket.

[[0;32m  OK  [0m] Started Message of the Day.
[   46.645547] cloud-init[971]: ci-info: |   0   |  fe80::/64  |    ::   |   enp0s3  |   U   |
[[0;32m  OK  [0m] Started Daily apt upgrade and clean activities.
[   46.691650] cloud-init[971]: ci-info: |   4   |   ff00::/8  |    ::   |   enp0s3  |   U   |
[[0;32m  OK  [0m] Started ACPI Events Check.
[[0;32m  OK  [0m] Reached target Paths.
[   46.738795] [cloud-init[0;32m  OK  [0m[971]: ] ci-info: +-------+-------------+---------+-----------+-------+Started Daily Cleanup of Temporary Directories.

[[0;32m  OK  [0m] Listening on UUID daemon activation socket.
[[0;32m  OK  [0m] Reached target Timers.
[   46.753136] cloud-init[971]: Generating public/private rsa key pair.
[   46.805440] cloud-init[971]: Your identification has been saved in /etc/ssh/ssh_host_rsa_key.
[   46.819300] cloud-init[971]: Your public key has been saved in /etc/ssh/ssh_host_rsa_key.pub.
         Starting LXD - unix socket.
[[0;32m  OK  [0m] Listening on ACPID Listen Socket.
[[0;32m  OK  [0m] Reached target Cloud-config availability.
[[0;32m  OK  [0m] Reached target Network is Online.
[   46.839735] cloud-init[971]: The key fingerprint is:
[   46.870993] cloud-init[971]: SHA256:sVN81JUQiiifx8rBAY0SQsJzyazuL8dQn9nH3wSIw9E root@ubuntu-xenial
         Starting iSCSI initiator daemon (iscsid)...
[[0;32m  OK  [0m] Listening on Socket activation for snappy daemon.
[   46.874711] cloud-init[971]: The key's randomart image is:
[[0;32m  OK  [0m] Listening on LXD - unix socket.
[   46.915928] cloud-init[971]: +---[RSA 2048]----+
[   46.940915] [[0;32m  OK  [0m] Reached target Sockets.
cloud-init[971]: |+oo.o.o .   .+o.o|
[   46.945286] cloud-init[971]: |.o.* ..o.E... .. |
[[0;32m  OK  [0m] Reached target Basic System.
[   46.952486] cloud-init[971]: |  + ...o+.+..    |
[   46.977909] cloud-init[971]: | . .  +++= o     |
[   46.986619]          Starting LXD - container startup/shutdown...
cloud-init[971]: |. . . +=So  .    |
[   47.040511] cloud-init[971]: | o   +..++   .   |
[[0;32m  OK  [0m] Started D-Bus System Message Bus.
[   47.045858] cloud-init[971]: |. o    o. . o    |
[   47.076207] cloud-init[971]: | o o       . .   |
[   47.086022] cloud-init[971]: |  +.             |
[   47.109609] cloud-init[971]: +----[SHA256]-----+
[   47.113461] cloud-init[971]: Generating public/private dsa key pair.
[   47.133163] cloud-init[971]: Your identification has been saved in /etc/ssh/ssh_host_dsa_key.
[   47.140138] cloud-init[971]: Your public key has been saved in /etc/ssh/ssh_host_dsa_key.pub.
[   47.143847] cloud-init[971]: The key fingerprint is:
[   47.152494] cloud-init[971]: SHA256:B039+OuLGC1zSTMqE9Z6XFLGfaQ+GA5DgWxZg3D9ue8 root@ubuntu-xenial
[   47.167976] cloud-init[971]: The key's randomart image is:
[   47.175710] cloud-init[971]: +---[DSA 1024]----+
[   47.178528] cloud-init[971]: |      .o.**o    .|
[   47.194163] cloud-init[971]: |       .*+.o.. o |
[   47.239949] cloud-init[971]: |       .. +.=+o .|
[   47.244229] cloud-init[971]: |         o *++.. |
[   47.272978] cloud-init[971]: |        S + Boo  |
[   47.277705] cloud-init[971]: |       . = *.+.. |
         Starting Virtualbox guest utils...
[[0;32m  OK  [0m] Started Deferred execution scheduler.
[   47.293923] cloud-init[971]: |        + B +. . |
[   47.344656] cloud-init[971]: |         + * .o  |
[[0;32m  OK  [0m] Started FUSE filesystem for LXC.
[   47.446441] cloud-init[971]: |          . .oE. |
[   47.476669] cloud-init[971]: +----[SHA256]-----+
[   47.482333] cloud-init[971]: Generating public/private ecdsa key pair.
         Starting Login Service...
         Starting LSB: MD monitoring daemon...
         Starting Accounts Service...
[   47.513051] cloud-init[971]: Your identification has been saved in /etc/ssh/ssh_host_ecdsa_key.
[   47.573745]          Starting System Logging Service...
cloud-init[971]: Your public key has been saved in /etc/ssh/ssh_host_ecdsa_key.pub.[[0;32m  OK  [0m] Started ACPI event daemon.

[   47.641726] cloud-init[971]:          Starting LSB: Record successful boot for GRUB...
The key fingerprint is:
         Starting Pollinate to seed the pseudo random number generator...
         Starting /etc/rc.local Compatibility...
[[0;32m  OK  [0m] Started Regular background program processing daemon.
         Starting Snap Daemon...
[[0;32m  OK  [0m] Started iSCSI initiator daemon (iscsid).
[   47.892401] cloud-init[971]: SHA256:xszLnTLediBvrG0ClajtT+Ti3wBX3N2YLtMaMRS1Ap4 root@ubuntu-xenial
[[0;32m  OK  [0m] Started /etc/rc.local Compatibility.
[   47.941803] cloud-init[971]: The key's randomart image is:
[   48.030358] [[0;32m  OK  [0m] Started System Logging Service.
cloud-init[971]: +---[ECDSA 256]---+
[   48.157727] cloud-init[971]: |          . oo.  |
[[0;32m  OK  [0m[   48.176293] cloud-init[971]: |         o = . = |
] Started LXD - container startup/shutdown.
[   48.178598] cloud-init[971]: |       . .E = = .|
[   48.329347] cloud-init[971]: |      .+o.   *   |
[   48.350809] cloud-init[971]: |     o..S   + o  |
         Starting Login to default iSCSI targets...
[   48.411652] cloud-init[971]: |    . oB.o.. =   |
[[0;32m  OK  [0m[   48.479234] ] Started Login Service.
cloud-init[971]: |     ...O+o..    |
[[0;32m  OK  [0m] Started Unattended Upgrades Shutdown.[   48.605328] cloud-init[971]: |     ..+.B* .    |
[   48.609714] cloud-init[971]: |      .o=*+.     |
[   48.609852] cloud-init[971]: +----[SHA256]-----+

[[0;32m  OK  [0m] Started LSB: Record successful boot for GRUB.
[   48.694027] cloud-init[971]: Generating public/private ed25519 key pair.
[   48.759915] [[0;32m  OK  [0m] Started LSB: MD monitoring daemon.
cloud-init[971]: Your identification has been saved in /etc/ssh/ssh_host_ed25519_key.         Starting Authenticate and Authorize Users to Run Privileged Tasks...

[   48.877290] cloud-init[971]: Your public key has been saved in /etc/ssh/ssh_host_ed25519_key.pub.
[   48.881882] cloud-init[971]: The key fingerprint is:
[   48.910077] cloud-init[971]: SHA256:kQCN9b228czxgK/0VwXBut5oNqzAPgV5VGTi7xw64HE root@ubuntu-xenial
[   48.940443] cloud-init[971]: The key's randomart image is:
[[0;32m  OK  [0m] Started Login to default iSCSI targets.
[[0;32m  OK  [0m] Reached target Remote File Systems (Pre).
[[0;32m  OK  [0m] Reached target Remote File Systems.
[   48.996912] cloud-init[971]: +--[ED25519 256]--+
[   49.057470] cloud-init[971]: |    .=o   .o+... |
         Starting LSB: automatic crash report generation...
[   49.143464] cloud-init[971]: |    . .o +.o  o  |
         Starting LSB: Set the CPU Frequency Scaling governor to "ondemand"...[   49.246000] 
cloud-init[971]: |        +oo  . . |
[   49.279295] cloud-init[971]: |        o..+.   .|
[   49.309343] cloud-init[971]: |        SoE =.  .|
[   49.314179] cloud-init[971]: |       o =.@.=  .|
         Starting LSB: daemon to balance interrupts for SMP systems...
         Starting Permit User Sessions...
[   49.445950] cloud-init[971]: |        +.=oBo.. |
[   49.482102] cloud-init[971]: |       ..o +B o  |
[[0;32m  OK  [0m[   49.588789] cloud-init[971]: |        ..o+.o   |
] Started Virtualbox guest utils.
[[0;32m  OK  [0m] Started Permit User Sessions.
[[0;32m  OK  [0m] Started Authenticate and Authorize Users to Run Privileged Tasks.
[   49.647511] cloud-init[971]: +----[SHA256]-----+
[[0;32m  OK  [0m] Started Accounts Service.
         Starting Terminate Plymouth Boot Screen...
         Starting Hold until boot process finishes up...
[[0;32m  OK  [0m] Started Terminate Plymouth Boot Screen.
[[0;32m  OK  [0m] Started Hold until boot process finishes up.
[[0;32m  OK  [0m] Started Serial Getty on ttyS0.
         Starting Set console scheme...
[[0;32m  OK  [0m] Started Getty on tty1.
[[0;32m  OK  [0m] Reached target Login Prompts.
[[0;32m  OK  [0m] Started LSB: Set the CPU Frequency Scaling governor to "ondemand".
[[0;32m  OK  [0m] Started LSB: automatic crash report generation.
[[0;32m  OK  [0m] Started LSB: daemon to balance interrupts for SMP systems.
[[0;32m  OK  [0m] Started Set console scheme.
[[0;32m  OK  [0m] Started Pollinate to seed the pseudo random number generator.
         Starting OpenBSD Secure Shell server...
[[0;32m  OK  [0m] Started Snap Daemon.
         Starting Wait until snapd is fully seeded...
[[0;32m  OK  [0m] Started OpenBSD Secure Shell server.
[[0;32m  OK  [0m] Created slice User Slice of vagrant.
         Starting User Manager for UID 1000...
[[0;32m  OK  [0m] Started Session 1 of user vagrant.
[[0;32m  OK  [0m] Started User Manager for UID 1000.
[[0;32m  OK  [0m] Started Wait until snapd is fully seeded.
         Starting Apply the settings specified in cloud-config...
[[0;32m  OK  [0m] Reached target Multi-User System.
[[0;32m  OK  [0m] Reached target Graphical Interface.
         Starting Update UTMP about System Runlevel Changes...
[[0;32m  OK  [0m] Started Update UTMP about System Runlevel Changes.

Ubuntu 16.04.6 LTS ubuntu-xenial ttyS0

ubuntu-xenial login: [   58.599986] cloud-init[1392]: Generating locales (this might take a while)...
[   64.175508] cloud-init[1392]:   en_US.UTF-8... done
[   64.204212] cloud-init[1392]: Generation complete.
[   67.029688] cloud-init[1392]: Cloud-init v. 20.2-45-g5f7825e2-0ubuntu1~16.04.1 running 'modules:config' at Tue, 28 Jul 2020 16:10:59 +0000. Up 57.05 seconds.
ci-info: no authorized SSH keys fingerprints found for user ubuntu.
<14>Jul 28 16:11:12 ec2: 
<14>Jul 28 16:11:12 ec2: #############################################################
<14>Jul 28 16:11:12 ec2: -----BEGIN SSH HOST KEY FINGERPRINTS-----
<14>Jul 28 16:11:12 ec2: 1024 SHA256:B039+OuLGC1zSTMqE9Z6XFLGfaQ+GA5DgWxZg3D9ue8 root@ubuntu-xenial (DSA)
<14>Jul 28 16:11:12 ec2: 256 SHA256:xszLnTLediBvrG0ClajtT+Ti3wBX3N2YLtMaMRS1Ap4 root@ubuntu-xenial (ECDSA)
<14>Jul 28 16:11:12 ec2: 256 SHA256:kQCN9b228czxgK/0VwXBut5oNqzAPgV5VGTi7xw64HE root@ubuntu-xenial (ED25519)
<14>Jul 28 16:11:12 ec2: 2048 SHA256:sVN81JUQiiifx8rBAY0SQsJzyazuL8dQn9nH3wSIw9E root@ubuntu-xenial (RSA)
<14>Jul 28 16:11:12 ec2: -----END SSH HOST KEY FINGERPRINTS-----
<14>Jul 28 16:11:12 ec2: #############################################################
-----BEGIN SSH HOST KEY KEYS-----
ecdsa-sha2-nistp256 AAAAE2VjZHNhLXNoYTItbmlzdHAyNTYAAAAIbmlzdHAyNTYAAABBBB7GBhLp7oMgjyfeZSgqULbm6gdPwKTisAbxjmuMBlLnWAF8d94EpLZam6X8oHCLJkSGoLw7ygKjh9PJx3lvG3g= root@ubuntu-xenial
ssh-ed25519 AAAAC3NzaC1lZDI1NTE5AAAAIFfY0Cw/6cHbQD/YnTGQTiWW0eqKOe9sFIubWh6Bz5+v root@ubuntu-xenial
ssh-rsa AAAAB3NzaC1yc2EAAAADAQABAAABAQC08Ws19V/Dr6IziZ4u0x80imme6g7oRt033sE/EUMx9PpsGFUULCkgZbvmXi+ALUptIH+fOZE1k4S2I+918pnYZXr7E9Boh3j4rO9tpJbg29bDWPvNtzgrN3bxEzIHeMxykUdtYWJZLpy4H1udLakpNGPAgAuNVV1gPIFrJ5mtKIspn4M7/ay9d7m3yYMq8NqqmVXkz8jMpmQp/BM8gSDBnQG6YFKHWeI+9MWNKF+y5DbYcUGUd1bif80ft6wzLzYFgx5giBvAEvA07XF1kYXpOgaMedQQgl4q+mC0mM3SW/igunU0vooquqNiynM5LsYf5KUdAm5QkTwyb/LKSFqv root@ubuntu-xenial
-----END SSH HOST KEY KEYS-----
[   69.862609] cloud-init[1651]: Cloud-init v. 20.2-45-g5f7825e2-0ubuntu1~16.04.1 running 'modules:final' at Tue, 28 Jul 2020 16:11:12 +0000. Up 69.28 seconds.
[   69.865192] cloud-init[1651]: ci-info: no authorized SSH keys fingerprints found for user ubuntu.
[   69.[[0;32m  OK  [0m] Stopped Unattended Upgrades Shutdown.
[[0;32m  OK  [0m] Stopped target Cloud-init target.
[[0;32m  OK  [0m] Closed Load/Save RF Kill Switch Status /dev/rfkill Watch.
             Stopping User Manager for UID 1000...
[[0;32m  OK  [0m] Closed Load/Save RF Kill Switch Status /dev/rfkill Watch.
         Stopping Authenticate and Authorize Users to Run Privileged Tasks...
         Stopping Session 4 of user vagrant.
[[0;32m  OK  [0m] Stopped target Timers.
[[0;32m  OK  [0m] Stopped Daily apt upgrade and clean activities.
[[0;32m  OK  [0m] Stopped Daily apt download activities.
[[0;32m  OK  [0m] Stopped Daily Cleanup of Temporary Directories.
[[0;32m  OK  [0m] Stopped Message of the Day.
[[0;32m  OK  [0m] Stopped target System Time Synchronized.
[[0;32m  OK  [0m] Stopped target Graphical Interface.
         Stopping Accounts Service...
[[0;32m  OK  [0m] Stopped target Cloud-init target.
[[0;32m  OK  [0m] Stopped Execute cloud user/final scripts.
[[0;32m  OK  [0m] Stopped Apply the settings specified in cloud-config.
[[0;32m  OK  [0m] Stopped target Cloud-config availability.
[[0;32m  OK  [0m] Stopped target Multi-User System.
         Stopping LXD - container startup/shutdown...
         Stopping A high performance web server and a reverse proxy server...
         Stopping LSB: daemon to balance interrupts for SMP systems...
[[0;32m  OK  [0m] Stopped Wait until snapd is fully seeded.
         Stopping LSB: MD monitoring daemon...
[[0;32m  OK  [0m] Stopped target Login Prompts.
         Stopping Getty on tty1...
         Stopp
         Stopping LSB: Set the CPU Frequency Scaling governor to "ondemand"...
         Stopping FUSE filesystem for LXC...
         Stopping LSB: Record successful boot for GRUB...
         Stopping LSB: automatic crash report generation...
         Stopping Regular background program processing daemon...
         Stopping Virtualbox guest utils...
         Stopping OpenBSD Secure Shell server...
         Stopping System Logging Service...
         Stopping D-Bus System Message Bus...
         Stopping ACPI event daemon...
         Stopping Deferred execution scheduler...
[[0;32m  OK  [0m] Unmounted /var/lib/lxcfs.
[[0;32m  OK  [0m] Stopped Deferred execution scheduler.
[[0;32m  OK  [0m] Stopped Accounts Service.
[[0;32m  OK  [0m] Stopped System Logging Service.
[[0;32m  OK  [0m] Stopped Regular background program processing daemon.
[[0;32m  OK  [0m] Stopped ACPI event daemon.
[[0;32m  OK  [0m] Stopped Authenticate and Authorize Users to Run Privileged Tasks.
[[0;32m  OK  [0m] Stopped Serial Getty on ttyS0.
[[0;32m  OK  [0m] Stopped Getty on tty1.
[[0;32m  OK  [0m] Stopped OpenBSD Secure Shell server.
[[0;32m  OK  [0m] Stopped User Manager for UID 1000.
[[0;32m  OK  [0m] Stopped Session 4 of user vagrant.
[[0;32m  OK  [0m] Stopped A high performance web server and a reverse proxy server.
[[0;32m  OK  [0m] Stopped D-Bus System Message Bus.
[[0;32m  OK  [0m] Stopped FUSE filesystem for LXC.
[[0;32m  OK  [0m] Stopped LXD - container startup/shutdown.
[[0;32m  OK  [0m] Stopped LSB: MD monitoring daemon.
[[0;32m  OK  [0m] Stopped LSB: daemon to balance interrupts for SMP systems.
[[0;32m  OK  [0m] Stopped LSB: Set the CPU Frequency Scaling governor to "ondemand".
[[0;32m  OK  [0m] Stopped LSB: Record successful boot for GRUB.
[[0;32m  OK  [0m] Removed slice User Slice of vagrant.
         Stopping Login Service...
[[0;32m  OK  [0m] Removed slice system-getty.slice.
[[0;32m  OK  [0m] Removed slice system-serial\x2dgetty.slice.
[[0;32m  OK  [0m] Stopped /etc/rc.local Compatibility.
         Stopping Permit User Sessions...
[[0;32m  OK  [0m] Stopped LSB: automatic crash report generation.
[[0;32m  OK  [0m] Stopped Virtualbox guest utils.
[[0;32m  OK  [0m] Stopped Permit User Sessions.
[[0;32m  OK  [0m] Stopped target Remote File Systems.
[[0;32m  OK  [0m] Stopped target Remote File Systems (Pre).
         Stopping Login to default iSCSI targets...
[[0;32m  OK  [0m] Stopped Login Service.
[[0;32m  OK  [0m] Stopped target User and Group Name Lookups.
[[0;32m  OK  [0m] Stopped target Basic System.
[[0;32m  OK  [0m] Stopped target Slices.
[[0;32m  OK  [0m] Removed slice User and Session Slice.
[[0;32m  OK  [0m] Stopped target Sockets.
[[0;32m  OK  [0m] Closed UUID daemon activation socket.
[[0;32m  OK  [0m] Closed D-Bus System Message Bus Socket.
[[0;32m  OK  [0m] Closed ACPID Listen Socket.
[[0;32m  OK  [0m] Closed Syslog Socket.
[[0;32m  OK  [0m] Closed Socket activation for snappy daemon.
[[0;32m  OK  [0m] Closed LXD - unix socket.
[[0;32m  OK  [0m] Stopped target Paths.
[[0;32m  OK  [0m] Stopped Forward Password Requests to Wall Directory Watch.
[[0;32m  OK  [0m] Stopped ACPI Events Check.
[[0;32m  OK  [0m] Stopped Dispatch Password Requests to Console Directory Watch.
[[0;32m  OK  [0m] Stopped target System Initialization.
         Stopping Load/Save Random Seed...
[[0;32m  OK  [0m] Stopped target Encrypted Volumes.
[[0;32m  OK  [0m] Stopped Commit a transient machine-id on disk.
         Stopping Update UTMP about System Boot/Shutdown...
[[0;32m  OK  [0m] Stopped target Swap.
[[0;32m  OK  [0m] Stopped Load/Save Random Seed.
[[0;32m  OK  [0m] Stopped Update UTMP about System Boot/Shutdown.
[[0;32m  OK  [0m] Stopped Login to default iSCSI targets.
         Stopping iSCSI initiator daemon (iscsid)...
[[0;32m  OK  [0m] Stopped Create Volatile Files and Directories.
[[0;32m  OK  [0m] Stopped iSCSI initiator daemon (iscsid).
[[0;32m  OK  [0m] Stopped target Network is Online.
[[0;32m  OK  [0m] Stopped Initial cloud-init job (metadata service crawler).
[[0;32m  OK  [0m] Stopped target Network.
         Stopping Raise network interfaces...
[[0;32m  OK  [0m] Stopped Raise network interfaces.
[[0;32m  OK  [0m] Stopped target Local File Systems.
         Unmounting /home/ubuntu/db...
         Unmounting /run/user/1000...
         Unmounting /vagrant...
[[0;32m  OK  [0m] Stopped target Network (Pre).
[[0;32m  OK  [0m] Stopped Initial cloud-init job (pre-networking).
[[0;32m  OK  [0m] Stopped Apply Kernel Variables.
[[0;32m  OK  [0m] Stopped Load Kernel Modules.
[[0;32m  OK  [0m] Unmounted /home/ubuntu/db.
[[0;32m  OK  [0m] Unmounted /run/user/1000.
[[0;32m  OK  [0m] Unmounted /vagrant.
[[0;32m  OK  [0m] Reached target Unmount All Filesystems.
[[0;32m  OK  [0m] Stopped target Local File Systems (Pre).
         Stopping Monitoring of LVM2 mirrors... dmeventd or progress polling...
[[0;32m  OK  [0m] Stopped Create Static Device Nodes in /dev.
[[0;32m  OK  [0m] Stopped Remount Root and Kernel File Systems.
[[0;32m  OK  [0m] Reached target Shutdown.
[  955.856184] reboot: Power down
