[    0.000000] Initializing cgroup subsys cpuset
[    0.000000] Initializing cgroup subsys cpu
[    0.000000] Initializing cgroup subsys cpuacct
[    0.000000] Linux version 4.4.0-186-generic (buildd@lcy01-amd64-002) (gcc version 5.4.0 20160609 (Ubuntu 5.4.0-6ubuntu1~16.04.12) ) #216-Ubuntu SMP Wed Jul 1 05:34:05 UTC 2020 (Ubuntu 4.4.0-186.216-generic 4.4.228)
[    0.000000] Command line: BOOT_IMAGE=/boot/vmlinuz-4.4.0-186-generic root=LABEL=cloudimg-rootfs ro console=tty1 console=ttyS0
[    0.000000] KERNEL supported cpus:
[    0.000000]   Intel GenuineIntel
[    0.000000]   AMD AuthenticAMD
[    0.000000]   Centaur CentaurHauls
[    0.000000] x86/fpu: xstate_offset[2]:  576, xstate_sizes[2]:  256
[    0.000000] x86/fpu: Supporting XSAVE feature 0x01: 'x87 floating point registers'
[    0.000000] x86/fpu: Supporting XSAVE feature 0x02: 'SSE registers'
[    0.000000] x86/fpu: Supporting XSAVE feature 0x04: 'AVX registers'
[    0.000000] x86/fpu: Enabled xstate features 0x7, context size is 832 bytes, using 'standard' format.
[    0.000000] e820: BIOS-provided physical RAM map:
[    0.000000] BIOS-e820: [mem 0x0000000000000000-0x000000000009fbff] usable
[    0.000000] BIOS-e820: [mem 0x000000000009fc00-0x000000000009ffff] reserved
[    0.000000] BIOS-e820: [mem 0x00000000000f0000-0x00000000000fffff] reserved
[    0.000000] BIOS-e820: [mem 0x0000000000100000-0x000000003ffeffff] usable
[    0.000000] BIOS-e820: [mem 0x000000003fff0000-0x000000003fffffff] ACPI data
[    0.000000] BIOS-e820: [mem 0x00000000fec00000-0x00000000fec00fff] reserved
[    0.000000] BIOS-e820: [mem 0x00000000fee00000-0x00000000fee00fff] reserved
[    0.000000] BIOS-e820: [mem 0x00000000fffc0000-0x00000000ffffffff] reserved
[    0.000000] NX (Execute Disable) protection: active
[    0.000000] SMBIOS 2.5 present.
[    0.000000] Hypervisor detected: KVM
[    0.000000] e820: last_pfn = 0x3fff0 max_arch_pfn = 0x400000000
[    0.000000] MTRR: Disabled
[    0.000000] x86/PAT: MTRRs disabled, skipping PAT initialization too.
[    0.000000] CPU MTRRs all blank - virtualized system.
[    0.000000] x86/PAT: Configuration [0-7]: WB  WT  UC- UC  WB  WT  UC- UC  
[    0.000000] found SMP MP-table at [mem 0x0009fff0-0x0009ffff] mapped at [ffff88000009fff0]
[    0.000000] Scanning 1 areas for low memory corruption
[    0.000000] RAMDISK: [mem 0x362de000-0x37166fff]
[    0.000000] ACPI: Early table checksum verification disabled
[    0.000000] ACPI: RSDP 0x00000000000E0000 000024 (v02 VBOX  )
[    0.000000] ACPI: XSDT 0x000000003FFF0030 00003C (v01 VBOX   VBOXXSDT 00000001 ASL  00000061)
[    0.000000] ACPI: FACP 0x000000003FFF00F0 0000F4 (v04 VBOX   VBOXFACP 00000001 ASL  00000061)
[    0.000000] ACPI: DSDT 0x000000003FFF0470 002325 (v02 VBOX   VBOXBIOS 00000002 INTL 20100528)
[    0.000000] ACPI: FACS 0x000000003FFF0200 000040
[    0.000000] ACPI: FACS 0x000000003FFF0200 000040
[    0.000000] ACPI: APIC 0x000000003FFF0240 00005C (v02 VBOX   VBOXAPIC 00000001 ASL  00000061)
[    0.000000] ACPI: SSDT 0x000000003FFF02A0 0001CC (v01 VBOX   VBOXCPUT 00000002 INTL 20100528)
[    0.000000] No NUMA configuration found
[    0.000000] Faking a node at [mem 0x0000000000000000-0x000000003ffeffff]
[    0.000000] NODE_DATA(0) allocated [mem 0x3ffeb000-0x3ffeffff]
[    0.000000] kvm-clock: Using msrs 4b564d01 and 4b564d00
[    0.000000] kvm-clock: cpu 0, msr 0:3ffe3001, primary cpu clock
[    0.000000] kvm-clock: using sched offset of 36283506909 cycles
[    0.000000] clocksource: kvm-clock: mask: 0xffffffffffffffff max_cycles: 0x1cd42e4dffb, max_idle_ns: 881590591483 ns
[    0.000000] Zone ranges:
[    0.000000]   DMA      [mem 0x0000000000001000-0x0000000000ffffff]
[    0.000000]   DMA32    [mem 0x0000000001000000-0x000000003ffeffff]
[    0.000000]   Normal   empty
[    0.000000]   Device   empty
[    0.000000] Movable zone start for each node
[    0.000000] Early memory node ranges
[    0.000000]   node   0: [mem 0x0000000000001000-0x000000000009efff]
[    0.000000]   node   0: [mem 0x0000000000100000-0x000000003ffeffff]
[    0.000000] Initmem setup node 0 [mem 0x0000000000001000-0x000000003ffeffff]
[    0.000000] ACPI: PM-Timer IO Port: 0x4008
[    0.000000] IOAPIC[0]: apic_id 2, version 32, address 0xfec00000, GSI 0-23
[    0.000000] ACPI: INT_SRC_OVR (bus 0 bus_irq 0 global_irq 2 dfl dfl)
[    0.000000] ACPI: INT_SRC_OVR (bus 0 bus_irq 9 global_irq 9 low level)
[    0.000000] Using ACPI (MADT) for SMP configuration information
[    0.000000] smpboot: Allowing 2 CPUs, 0 hotplug CPUs
[    0.000000] PM: Registered nosave memory: [mem 0x00000000-0x00000fff]
[    0.000000] PM: Registered nosave memory: [mem 0x0009f000-0x0009ffff]
[    0.000000] PM: Registered nosave memory: [mem 0x000a0000-0x000effff]
[    0.000000] PM: Registered nosave memory: [mem 0x000f0000-0x000fffff]
[    0.000000] e820: [mem 0x40000000-0xfebfffff] available for PCI devices
[    0.000000] Booting paravirtualized kernel on KVM
[    0.000000] clocksource: refined-jiffies: mask: 0xffffffff max_cycles: 0xffffffff, max_idle_ns: 7645519600211568 ns
[    0.000000] setup_percpu: NR_CPUS:512 nr_cpumask_bits:512 nr_cpu_ids:2 nr_node_ids:1
[    0.000000] PERCPU: Embedded 33 pages/cpu @ffff88003fc00000 s95512 r8192 d31464 u1048576
[    0.000000] Built 1 zonelists in Node order, mobility grouping on.  Total pages: 257912
[    0.000000] Policy zone: DMA32
[    0.000000] Kernel command line: BOOT_IMAGE=/boot/vmlinuz-4.4.0-186-generic root=LABEL=cloudimg-rootfs ro console=tty1 console=ttyS0
[    0.000000] PID hash table entries: 4096 (order: 3, 32768 bytes)
[    0.000000] Memory: 997660K/1048120K available (8636K kernel code, 1337K rwdata, 4040K rodata, 1492K init, 1296K bss, 50460K reserved, 0K cma-reserved)
[    0.000000] SLUB: HWalign=64, Order=0-3, MinObjects=0, CPUs=2, Nodes=1
[    0.000000] Kernel/User page tables isolation: enabled
[    0.000000] Hierarchical RCU implementation.
[    0.000000] 	Build-time adjustment of leaf fanout to 64.
[    0.000000] 	RCU restricting CPUs from NR_CPUS=512 to nr_cpu_ids=2.
[    0.000000] RCU: Adjusting geometry for rcu_fanout_leaf=64, nr_cpu_ids=2
[    0.000000] NR_IRQS:33024 nr_irqs:440 16
[    0.000000] Console: colour VGA+ 80x25
[    0.000000] console [tty1] enabled
[    0.000000] console [ttyS0] enabled
[    0.000000] tsc: Detected 2699.998 MHz processor
[    1.374951] Calibrating delay loop (skipped) preset value.. 5399.99 BogoMIPS (lpj=10799992)
[    1.383351] pid_max: default: 32768 minimum: 301
[    1.384640] ACPI: Core revision 20150930
[    1.405548] ACPI: 2 ACPI AML tables successfully acquired and loaded
[    1.410269] Security Framework initialized
[    1.414273] Yama: becoming mindful.
[    1.416676] AppArmor: AppArmor initialized
[    1.421881] Dentry cache hash table entries: 131072 (order: 8, 1048576 bytes)
[    1.431399] Inode-cache hash table entries: 65536 (order: 7, 524288 bytes)
[    1.436373] Mount-cache hash table entries: 2048 (order: 2, 16384 bytes)
[    1.448562] Mountpoint-cache hash table entries: 2048 (order: 2, 16384 bytes)
[    1.476871] Initializing cgroup subsys io
[    1.482888] Initializing cgroup subsys memory
[    1.506450] Initializing cgroup subsys devices
[    1.518627] Initializing cgroup subsys freezer
[    1.520279] Initializing cgroup subsys net_cls
[    1.521584] Initializing cgroup subsys perf_event
[    1.540756] Initializing cgroup subsys net_prio
[    1.578661] Initializing cgroup subsys hugetlb
[    1.716587] Initializing cgroup subsys pids
[    1.783809] mce: CPU supports 0 MCE banks
[    1.785299] Last level iTLB entries: 4KB 64, 2MB 8, 4MB 8
[    1.809879] Last level dTLB entries: 4KB 64, 2MB 0, 4MB 0, 1GB 4
[    1.817101] Spectre V1 : Mitigation: usercopy/swapgs barriers and __user pointer sanitization
[    1.837188] Spectre V2 : Mitigation: Full generic retpoline
[    1.840550] Spectre V2 : Spectre v2 / SpectreRSB mitigation: Filling RSB on context switch
[    1.871778] Speculative Store Bypass: Vulnerable
[    1.876594] SRBDS: Unknown: Dependent on hypervisor status
[    1.887130] MDS: Mitigation: Clear CPU buffers
[    1.900834] Freeing SMP alternatives memory: 36K
[    1.921973] ftrace: allocating 32334 entries in 127 pages
[    2.058571] smpboot: APIC(0) Converting physical 0 to logical package 0
[    2.066141] smpboot: Max logical packages: 1
[    2.070474] x2apic enabled
[    2.071588] Switched APIC routing to physical x2apic.
[    2.081064] ..TIMER: vector=0x30 apic1=0 pin1=2 apic2=-1 pin2=-1
[    2.204922] APIC calibration not consistent with PM-Timer: 108ms instead of 100ms
[    2.247033] APIC delta adjusted to PM-Timer: 6241186 (6760823)
[    2.253061] smpboot: CPU0: Intel(R) Core(TM) i5-5257U CPU @ 2.70GHz (family: 0x6, model: 0x3d, stepping: 0x4)
[    2298962] Performance Events: unsupported p6 CPU model 61 no PMU driver, software events only.
[    3.098244] KVM setup paravirtual spinlock
[    3.113541] x86: Booting SMP configuration:
[    3.121752] .... node  #0, CPUs:      #1
[    3.150253] kvm-clock: cpu 1, msr 0:3ffe3041, secondary cpu clock
[    3.160872] mce: CPU supports 0 MCE banks
[    3.185998] x86: Booted up 1 node, 2 CPUs
[    3.187550] smpboot: Total of 2 processors activated (10799.99 BogoMIPS)
[    3.190456] devtmpfs: initialized
[    3.224137] evm: security.selinux
[    3.424502] evm: security.SMACK64
[    3.454828] evm: security.SMACK64EXEC
[    3.480782] evm: security.SMACK64TRANSMUTE
[    3.491153] evm: security.SMACK64MMAP
[    3.497735] evm: security.ima
[    3.519082] evm: securi.capability
[    4.094060] clocksource: jiffies: mask: 0xffffffff max_cycles: 0xffffffff, max_idle_ns: 7645041785100000 ns
[    4.121497] futex hash table entries: 512 (order: 3, 32768 bytes)
[    4.125026] pinctrl core: initialized pinctrl subsystem
[    4.154893] RTC time: 17:35:06, date: 07/28/20
[    4.183768] NET: Registered protocol family 16
[    4.217634] cpuidle: using governor ladder
[    4.408641] cpuidle: using governor menu
[    4.453492] PCCT header not found.
[    4.523606] ACPI: bus type PCI registered
[    4.657191] acpiphp: ACPI Hot Plug PCI Controller Driver version: 0.5
[    4.726457] PCI: Using configuration type 1 for base access
[    4.952567] ACPI: Added _OSI(Module Device)
[    4.957425] ACPI: Added _OSI(Processor Device)
[    5.025785] ACPI: Added _OSI(3.0 _SCP Extensions)
[    5.081230] ACPI: Added _OSI(Processor Aggregator Device)
[    5.125719] ACPI: Executed 1 blocks of module-level executable AML code
[    5.190976] ACPI: Interpreter enabled
[    5.205148] ACPI: (supports S0 S5)
[    5.210938] ACPI: Using IOAPIC for interrupt routing
[    5.235449] PCI: Using host bridge windows from ACPI; if necessary, use "pci=nocrs" and report a bug
[    5.627106] ACPI: PCI Root Bridge [PCI0] (domain 0000 [bus 00-ff])
[    5.651138] acpi PNP0A03:00: _OSC: OS supports [ASPM ClockPM Segments MSI]
[    5.657838] acpi PNP0A03:00: _OSC: not requesting OS control; OS requires [ExtendedConfig ASPM ClockPM MSI]
[    5.741524] acpi PNP0A03:00: fail to add MMCONFIG information, can't access extended PCI configuration space under this bridge.
[    5.956195] PCI host bridge to bus 0000:00
[    5.961157] pci_bus 0000:00: root bus resource [io  0x0000-0x0cf7 window]
[    5.993195] pci_bus 0000:00: root bus resource [io  0x0d00-0xffff window]
[    6.054291] pci_bus 0000:00: root bus resource [mem 0x000a0000-0x000bffff window]
[    6.127830] pci_bus 0000:00: root bus resource [mem 0x40000000-0xfdffffff window]
[    6.157072] pci_bus 0000:00: root bus resource [bus 00-ff]
[    6.560246] pci 0000:00:01.1: legacy IDE quirk: reg 0x10: [io  0x01f0-0x01f7]
[    6.624342] pci 0000:00:01.1: legacy IDE quirk: reg 0x14: [io  0x03f6]
[    6.655849] pci 0000:00:01.1: legacy IDE quirk: reg 0x18: [io  0x0170-0x0177]
[    6.738600] pci 0000:00:01.1: legacy IDE quirk: reg 0x1c: [io  0x0376]
[    6.925656] pci 0000:00:07.0: quirk: [io  0x4000-0x403f] claimed by PIIX4 ACPI
[    6.986068] pci 0000:00:07.0: quirk: [io  0x4100-0x410f] claimed by PIIX4 SMB
[    7.282202] ACPI: PCI Interrupt Link [LNKA] (IRQs 5 9 10 *11)
[    7.292074] ACPI: PCI Interrupt Link [LNKB] (IRQs 5 9 *10 11)
[    7.327494] ACPI: PCI Interrupt Link [LNKC] (IRQs 5 *9 10 11)
[    7.387525] ACPI: PCI Interrupt Link [LNKD] (IRQs 5 9 10 *11)
[    7.392670] ACPI: Enabled 2 GPEs in block 00 to 07
[    7.422821] vgaarb: setting as boot device: PCI:0000:00:02.0
[    7.440800] vgaarb: device added: PCI:0000:00:02.0,decodes=io+mem,owns=io+mem,locks=none
[    7.461349] vgaarb: loaded
[    7.479657] vgaarb: bridge control possible 0000:00:02.0
[    7.505051] SCSI subsystem initialized
[    7.511622] ACPI: bus type USB registered
[    7.519006] usbcore: registered new interface driver usbfs
[    7.536839] usbcore: registered new interface driver hub
[    7.557510] usbcore: registered new device driver usb
[    7.791219] PCI: Using ACPI for IRQ routing
[    7.822531] NetLabel: Initializing
[    7.859893] NetLabel:  domain hash size = 128
[    7.893878] NetLabel:  protocols = UNLABELED CIPSOv4
[    8.021357] NetLabel:  unlabeled traffic allowed by default
[    8.125936] amd_nb: Cannot enumerate AMD northbridges
[    8.156812] clocksource: Switched to clocksource kvm-clock
[    8.386294] AppArmor: AppArmor Filesystem Enabled
[    8.476171] pnp: PnP ACPI init
[    8.528315] pnp: PnP ACPI: found 3 devices
[    8.561849] clocksource: acpi_pm: mask: 0xffffff max_cycles: 0xffffff, max_idle_ns: 2085701024 ns
[    8.696672] NET: Registered protocol family 2
[    8.702884] TCP established hash table entries: 8192 (order: 4, 65536 bytes)
[    8.726092] TCP bind hash table entries: 8192 (order: 5, 131072 bytes)
[    8.777613] TCP: Hash tables configured (established 8192 bind 8192)
[    8.791280] UDP hash table entries: 512 (order: 2, 16384 bytes)
[    8.955438] UDP-Lite hash table entries: 512 (order: 2, 16384 bytes)
[    8.974225] NET: Registered protocol family 1
[    8.990645] pci 0000:00:00.0: Limiting direct PCI/PCI transfers
[    9.018035] pci 0000:00:01.0: Activating ISA DMA hang workarounds
[    9.023385] Unpacking initramfs...
[   12.726505] Freeing initrd memory: 14884K
[   12.729370] RAPL PMU detected, API unit is 2^-32 Joules, 4 fixed counters 10737418240 ms ovfl timer
[   12.745478] hw unit of domain pp0-core 2^-0 Joules
[   12.759272] hw unit of domain package 2^-0 Joules
[   12.762371] hw unit of domain dram 2^-0 Joules
[   12.840856] hw unit of domain pp1-gpu 2^-0 Joules
[   12.893267] clocksource: tsc: mask: 0xffffffffffffffff max_cycles: 0x26eb3cc21a9, max_idle_ns: 440795299783 ns
[   13.057274] platform rtc_cmos: registered platform RTC device (no PNP device found)
[   13.064082] Scanning for low memory corruption every 60 seconds
[   13.076748] audit: initializing netlink subsys (disabled)
[   13.081170] audit: type=2000 audit(1595957747.602:1): initialized
[   13.357526] Initialise system trusted keyring
[   13.374774] HugeTLB registered 2 MB page size, pre-allocated 0 pages
[   13.428027] zbud: loaded
[   13.524588] VFS: Disk quotas dquot_6.6.0
[   13.594481] VFS: Dquot-cache hash table entries: 512 (order 0, 4096 bytes)
[   13.956771] squashfs: version 4.0 (2009/01/31) Phillip Lougher
[   13.991900] fuse init (API version 7.23)
[   13.995966] Key type big_key registered
[   14.006099] Allocating IMA MOK and blacklist keyrings.
[   14.190189] Key type asymmetric registered
[   14.204351] Asymmetric key parser 'x509' registered
[   14.229862] Block layer SCSI generic (bsg) driver version 0.4 loaded (major 249)
[   14.269880] io scheduler noop registered
[   14.288592] io scheduler deadline registered (default)
[   14.460988] io scheduler cfq registered
[   14.664357] pci_hotplug: PCI Hot Plug PCI Core version: 0.5
[   14.817944] pciehp: PCI Express Hot Plug Controller Driver version: 0.4
[   14.854773] ACPI: AC Adapter [AC] (on-line)
[   14.864333] input: Power Button as /devices/LNXSYSTM:00/LNXPWRBN:00/input/input0
[   14.893343] ACPI: Power Button [PWRF]
[   14.896687] input: Sleep Button as /devices/LNXSYSTM:00/LNXSLPBN:00/input/input1
[   14.909250] ACPI: Sleep Button [SLPF]
[   14.913129] GHES: HEST is not enabled!
[   14.915399] ACPI: Battery Slot [BAT0] (battery present)
[   14.953967] Serial: 8250/16550 driver, 32 ports, IRQ sharing enabled
[   15.495945] 00:02: ttyS0 at I/O 0x3f8 (irq = 4, base_baud = 115200) is a 16550A
[   15.526536] Linux agpgart interface v0.103
[   15.810082] loop: module loaded
[   15.834637] scsi host0: ata_piix
[   15.847279] scsi host1: ata_piix
[   15.861664] ata1: PATA max UDMA/33 cmd 0x1f0 ctl 0x3f6 bmdma 0xd000 irq 14
[   15.867181] ata2: PATA max UDMA/33 cmd 0x170 ctl 0x376 bmdma 0xd008 irq 15
[   15.877589] libphy: Fixed MDIO Bus: probed
[   15.888909] tun: Universal TUN/TAP device driver, 1.6
[   15.899502] tun: (C) 1999-2004 Max Krasnyansky <maxk@qualcomm.com>
[   15.908199] PPP generic driver version 2.4.2
[   15.918543] ehci_hcd: USB 2.0 'Enhanced' Host Controller (EHCI) Driver
[   15.997962] ehci-pci: EHCI PCI platform driver
[   16.496407] ehci-platform: EHCI generic platform driver
[   16.500634] ohci_hcd: USB 1.1 'Open' Host Controller (OHCI) Driver
[   16.572177] ohci-pci: OHCI PCI platform driver
[   16.576926] ohci-platform: OHCI generic platform driver
[   16.609496] uhci_hcd: USB Universal Host Controller Interface driver
[   16.614045] i8042: PNP: PS/2 Controller [PNP0303:PS2K,PNP0f03:PS2M] at 0x60,0x64 irq 1,12
[   16.627032] serio: i8042 KBD port at 0x60,0x64 irq 1
[   16.629537] serio: i8042 AUX port at 0x60,0x64 irq 12
[   16.633625] mousedev: PS/2 mouse device common for all mice
[   16.639195] rtc_cmos rtc_cmos: rtc core: registered rtc_cmos as rtc0
[   16.661138] rtc_cmos rtc_cmos: alarms up to one day, 114 bytes nvram
[   16.679834] i2c /dev entries driver
[   16.691935] device-mapper: uevent: version 1.0.3
[   16.696243] input: AT Translated Set 2 keyboard as /devices/platform/i8042/serio0/input/input2
[   16.798195] device-mapper: ioctl: 4.34.0-ioctl (2015-10-28) initialised: dm-devel@redhat.com
[   16.821129] ledtrig-cpu: registered to indicate activity on CPUs
[   17.062481] NET: Registered protocol family 10
[   17.075692] NET: Registered protocol family 17
[   17.093240] Key type dns_resolver registered
[   17.100150] registered taskstats version 1
[   17.118242] Loading compiled-in X.509 certificates
[   17.130906] Loaded X.509 cert 'Build time autogenerated kernel key: cef5e81496c0efa51b848ab539e845ddf31c08be'
[   17.178886] zswap: loaded using pool lzo/zbud
[   17.347529] Key type trusted registered
[   17.412025] Key type encrypted registered
[   17.562449] AppArmor: AppArmor sha1 policy hashing enabled
[   17.691476] ima: No TPM chip found, activating TPM-bypass!
[   17.740160] ima: Allocated hash algorithm: sha1
[   17.746099] evm: HMAC attrs: 0x1
[   17.761090]   Magic number: 12:942:593
[   17.766337] rtc_cmos rtc_cmos: setting system clock to 2020-07-28 17:35:20 UTC (1595957720)
[   17.797589] BIOS EDD facility v0.16 2004-Jun-25, 0 devices found
[   17.805755] EDD information not available.
[   17.930287] Freeing unused kernel memory: 1492K
[   17.962633] Write protecting the kernel read-only data: 14336k
[   17.999043] Freeing unused kernel memory: 1592K
[   18.011491] Freeing unused kernel memory: 56K
Loading, please wait...
starting version 229
[   18.371931] random: systemd-udevd: uninitialized urandom read (16 bytes read, 7 bits of entropy available)
[   18.389146] random: systemd-udevd: uninitialized urandom read (16 bytes read, 7 bits of entropy available)
[   18.395179] random: systemd-udevd: uninitialized urandom read (16 bytes read, 7 bits of entropy available)
[   18.426673] random: systemd-udevd: uninitialized urandom read (16 bytes read, 7 bits of entropy available)
[   18.506337] random: udevadm: uninitialized urandom read (16 bytes read, 7 bits of entropy available)
[   18.506372] random: udevadm: uninitialized urandom read (16 bytes read, 7 bits of entropy available)
[   18.760506] random: udevadm: uninitialized urandom read (16 bytes read, 7 bits of entropy available)
[   18.760627] random: udevadm: uninitialized urandom read (16 bytes read, 7 bits of entropy available)
[   18.760912] random: udevadm: uninitialized urandom read (16 bytes read, 7 bits of entropy available)
[   18.761009] random: udevadm: uninitialized urandom read (16 bytes read, 7 bits of entropy available)
[   19.734597] e1000: Intel(R) PRO/1000 Network Driver - version 7.3.21-k8-NAPI
[   19.813499] e1000: Copyright (c) 1999-2006 Intel Corporation.
[   20.231205] Fusion MPT base driver 3.04.20
[   20.258865] Copyright (c) 1999-2008 LSI Corporation
[   21.700582] AVX2 version of gcm_enc/dec engaged.
[   21.704322] AES CTR mode by8 optimization enabled
[   21.895260] input: ImExPS/2 Generic Explorer Mouse as /devices/platform/i8042/serio1/input/input4
[   21.943092] Fusion MPT SPI Host driver 3.04.20
[   26.751543] e1000 0000:00:03.0 eth0: (PCI:33MHz:32-bit) 02:81:88:50:25:98
[   27.281525] e1000 0000:00:03.0 eth0: Intel(R) PRO/1000 Network Connection
[   27.334757] mptbase: ioc0: Initiating bringup
[   28.610659] ioc0: LSI53C1030 A0: Capabilities={Initiator}
[   31.116318] scsi host2: ioc0: LSI53C1030 A0, FwRev=00000000h, Ports=1, MaxQ=256, IRQ=20
[   33.839377] scsi 2:0:0:0: Direct-Access     VBOX     HARDDISK         1.0  PQ: 0 ANSI: 5
[   34.067338] scsi target2:0:0: Beginning Domain Validation
[   34.345339] scsi target2:0:0: Domain Validation skipping write tests
[   34.350749] scsi target2:0:0: Ending Domain Validation
[   34.377327] scsi target2:0:0: asynchronous
[   34.382452] scsi 2:0:1:0: Direct-Access     VBOX     HARDDISK         1.0  PQ: 0 ANSI: 5
[   34.388567] scsi target2:0:1: Beginning Domain Validation
[   34.585144] scsi target2:0:1: Domain Validation skipping write tests
[   34.591950] scsi target2:0:1: Ending Domain Validation
[   34.881600] scsi target2:0:1: asynchronous
[   34.931715] sd 2:0:0:0: Attached scsi generic sg0 type 0
[   34.955800] sd 2:0:1:0: Attached scsi generic sg1 type 0
[   34.974083] sd 2:0:0:0: [sda] 20971520 512-byte logical blocks: (10.7 GB/10.0 GiB)
[   35.020698] sd 2:0:1:0: [sdb] 20480 512-byte logical blocks: (10.5 MB/10.0 MiB)
[   35.036531] sd 2:0:0:0: [sda] Write Protect is off
[   35.057076] sd 2:0:1:0: [sdb] Write Protect is off
[   35.067044] sd 2:0:0:0: [sda] Incomplete mode parameter data
[   35.099149] sd 2:0:0:0: [sda] Assuming drive cache: write through
[   35.320233] sd 2:0:1:0: [sdb] Incomplete mode parameter data
[   35.352424] sd 2:0:1:0: [sdb] Assuming drive cache: write through
[   35.647611]  sda: sda1
[   35.671718] sd 2:0:1:0: [sdb] Attached SCSI disk
[   35.789091] sd 2:0:0:0: [sda] Attached SCSI disk
[   38.754091] e1000 0000:00:08.0 eth1: (PCI:33MHz:32-bit) 08:00:27:0e:5b:1c
[   38.759435] e1000 0000:00:08.0 eth1: Intel(R) PRO/1000 Network Connection
[   38.788023] e1000 0000:00:08.0 enp0s8: renamed from eth1
[   38.826015] e1000 0000:00:03.0 enp0s3: renamed from eth0
Begin: Loading essential drivers ... [   43.559902] md: linear personality registered for level -1
[   43.578759] md: multipath personality registered for level -4
[   43.589399] md: raid0 personality registered for level 0
[   43.689734] md: raid1 personality registered for level 1
[   44.161250] raid6: sse2x1   gen()   277 MB/s
[   44.284865] raid6: sse2x1   xor()   674 MB/s
[   44.378729] raid6: sse2x2   gen()  1983 MB/s
[   44.495126] raid6: sse2x2   xor()  1047 MB/s
[   44.592948] raid6: sse2x4   gen()  1159 MB/s
[   44.793912] raid6: sse2x4   xor()    95 MB/s
[   44.986396] raid6: avx2x1   gen()   184 MB/s
[   45.091771] raid6: avx2x2   gen()  1501 MB/s
[   45.218441] raid6: avx2x4   gen()  1230 MB/s
[   45.222629] raid6: using algorithm sse2x2 gen() 1983 MB/s
[   45.227742] raid6: .... xor() 1047 MB/s, rmw enabled
[   45.254630] raid6: using avx2x2 recovery algorithm
[   45.271746] xor: automatically using best checksumming function:
[   45.382739]    avx       : 12023.000 MB/sec
[   45.404047] async_tx: api initialized (async)
[   46.331057] md: raid6 personality registered for level 6
[   46.338200] md: raid5 personality registered for level 5
[   46.361804] md: raid4 personality registered for level 4
[   46.845580] md: raid10 personality registered for level 10
done.
Begin: Running /scripts/init-premount ... done.
Begin: Mounting root file system ... Begin: Running /scripts/local-top ... done.
Begin: Running /scripts/local-premount ... [   47.594056] Btrfs loaded
Scanning for Btrfs filesystems
done.
Warning: fsck not present, so skipping root file system
[   48.062088] EXT4-fs (sda1): mounted filesystem with ordered data mode. Opts: (null)
done.
Begin: Running /scripts/local-bottom ... done.
Begin: Running /scripts/init-bottom ... [   48.725967] random: nonblocking pool is initialized
done.
[   49.263128] systemd[1]: systemd 229 running in system mode. (+PAM +AUDIT +SELINUX +IMA +APPARMOR +SMACK +SYSVINIT +UTMP +LIBCRYPTSETUP +GCRYPT +GNUTLS +ACL +XZ -LZ4 +SECCOMP +BLKID +ELFUTILS +KMOD -IDN)
[   49.379710] systemd[1]: Detected virtualization oracle.
[   49.394530] systemd[1]: Detected architecture x86-64.

Welcome to [1mUbuntu 16.04.6 LTS[0m!

[   49.490143] systemd[1]: Set hostname to <ubuntu>.
[   49.529681] systemd[1]: Initializing machine ID from random generator.
[   49.537241] systemd[1]: Installed transient /etc/machine-id file.
[   51.471563] systemd[1]: Listening on Syslog Socket.
[[0;32m  OK  [0m] Listening on Syslog Socket.
[   51.532940] systemd[1]: Created slice System Slice.
[[0;32m  OK  [0m] Created slice System Slice.
[   51.559334] systemd[1]: Created slice system-serial\x2dgetty.slice.
[[0;32m  OK  [0m] Created slice system-serial\x2dgetty.slice.
[   51.598540] systemd[1]: Listening on Journal Socket (/dev/log).
[[0;32m  OK  [0m] Listening on Journal Socket (/dev/log).
[   51.639237] systemd[1]: Listening on LVM2 poll daemon socket.
[[0;32m  OK  [0m] Listening on LVM2 poll daemon socket.
[   51.768384] systemd[1]: Listening on udev Control Socket.
[[0;32m  OK  [0m] Listening on udev Control Socket.
[   51.830040] systemd[1]: Reached target System Time Synchronized.
[[0;32m  OK  [0m] Reached target System Time Synchronized.
[   51.861814] systemd[1]: Reached target Encrypted Volumes.
[[0;32m  OK  [0m] Reached target Encrypted Volumes.
[   51.891056] systemd[1]: Listening on /dev/initctl Compatibility Named Pipe.
[[0;32m  OK  [0m] Listening on /dev/initctl Compatibility Named Pipe.
[   51.911149] systemd[1]: Listening on udev Kernel Socket.
[[0;32m  OK  [0m] Listening on udev Kernel Socket.
[   51.924622] systemd[1]: Listening on Device-mapper event daemon FIFOs.
[[0;32m  OK  [0m] Listening on Device-mapper event daemon FIFOs.
[   51.929678] systemd[1]: Started Trigger resolvconf update for networkd DNS.
[[0;32m  OK  [0m] Started Trigger resolvconf update for networkd DNS.
[   51.944731] systemd[1]: Set up automount Arbitrary Executable File Formats File System Automount Point.
[[0;32m  OK  [0m] Set up automount Arbitrary Executab...ats File System Automount Point.
[   51.961305] systemd[1]: Listening on Journal Audit Socket.
[[0;32m  OK  [0m] Listening on Journal Audit Socket.
[   51.970126] systemd[1]: Reached target Swap.
[[0;32m  OK  [0m] Reached target Swap.
[   51.995222] systemd[1]: Listening on Journal Socket.
[[0;32m  OK  [0m] Listening on Journal Socket.
[   52.039518] systemd[1]: Starting Set console keymap...
         Starting Set console keymap...
[   52.195170] systemd[1]: Starting Remount Root and Kernel File Systems...
         Starting Remount Root and Kernel File Systems...
[   52.242105] EXT4-fs (sda1): re-mounted. Opts: (null)
[   52.278924] systemd[1]: Starting Journal Service...
         Starting Journal Service...
[   52.294215] systemd[1]: Starting Nameserver information manager...
         Starting Nameserver information manager...
[   52.332117] systemd[1]: Mounting Huge Pages File System...
         Mounting Huge Pages File System...
[   52.506950] systemd[1]: Starting Create list of required static device nodes for the current kernel...
         Starting Create list of required st... nodes for the current kernel...
[   52.586549] systemd[1]: Starting Uncomplicated firewall...
         Starting Uncomplicated firewall...
[   52.613941] systemd[1]: Mounting Debug File System...
         Mounting Debug File System...
[   52.673974] systemd[1]: Starting Load Kernel Modules...
         Starting Load Kernel Modules...
[   52.700951] systemd[1]: Reached target User and Group Name Lookups.
[[0;32m  OK  [0m] Reached target User and Group Name Lookups.
[   52.728752] systemd[1]: Mounting POSIX Message Queue File System...
         Mounting POSIX Message Queue File System...
[   52.769766] systemd[1]: Started Forward Password Requests to Wall Directory Watch.
[[0;32m  OK  [0m] Started Forward Password Requests to Wall Directory Watch.
[   52.824046] systemd[1]: Listening on LVM2 metadata daemon socket.
[   52.840350] Loading iSCSI transport class v2.0-870.
[[0;32m  OK  [0m] Listening on LVM2 metadata daemon socket.
[   52.865079] iscsi: registered transport (tcp)
[   52.877623] systemd[1]: Starting Monitoring of LVM2 mirrors, snapshots etc. using dmeventd or progress polling...
         Starting Monitoring of LVM2 mirrors... dmeventd or progress polling...
[   52.904060] systemd[1]: Created slice User and Session Slice.
[[0;32m  OK  [0m] Created slice User and Session Slice.
[   52.929565] systemd[1]: Reached target Slices.
[[0;32m  OK  [0m] Reached target Slices.
[   52.966644] systemd[1]: Mounted Huge Pages File System.
[[0;32m  OK  [0m] Mounted Huge Pages File System.
[   52.974065] systemd[1]: Mounted POSIX Message Queue File System.
[[0;32m  OK  [0m] Mounted POSIX Message Queue File System.
[   53.000963] systemd[1]: Mounted Debug File System.
[[0;32m  OK  [0m] Mounted Debug File System.
[   53.018615] systemd[1]: Started Journal Service.
[[0;32m  OK  [0m] Started Journal Service.
[[0;32m  OK  [0m] Started Set console keymap.
[[0;32m  OK  [0m] Started Remount Root and Kernel File Systems.
[   53.070466] iscsi: registered transport (iser)
[[0;32m  OK  [0m] Started Create list of required sta...ce nodes for the current kernel.
[[0;32m  OK  [0m] Started Uncomplicated firewall.
[[0;32m  OK  [0m] Started Load Kernel Modules.
[[0;32m  OK  [0m] Started Nameserver information manager.
[[0;32m  OK  [0m] Started LVM2 metadata daemon.
         Mounting FUSE Control File System...
         Starting Apply Kernel Variables...
         Starting Create Static Device Nodes in /dev...
         Starting udev Coldplug all Devices...
         Starting Load/Save Random Seed...
         Starting Flush Journal to Persistent Storage...
[[0;32m  OK  [0m] Mounted FUSE Control File System.
[[0;32m  OK  [0m] Started Load/Save Random Seed.
[   53.714871] systemd-journald[380]: Received request to flush runtime journal from PID 1
[[0;32m  OK  [0m] Started Flush Journal to Persistent Storage.
[[0;32m  OK  [0m] Started Apply Kernel Variables.
[[0;32m  OK  [0m] Started Create Static Device Nodes in /dev.
         Starting udev Kernel Device Manager...
[[0;32m  OK  [0m] Started Monitoring of LVM2 mirrors,...ng dmeventd or progress polling.
[[0;32m  OK  [0m] Reached target Local File Systems (Pre).
[[0;32m  OK  [0m] Reached target Local File Systems.
         Starting Tell Plymouth To Write Out Runtime Data...
         Starting Create Volatile Files and Directories...
         Starting Commit a transient machine-id on disk...
         Starting LSB: AppArmor initialization...
         Starting Set console font and keymap...
         Starting Initial cloud-init job (pre-networking)...
[[0;32m  OK  [0m] Started Tell Plymouth To Write Out Runtime Data.
[[0;32m  OK  [0m] Started Create Volatile Files and Directories.
[[0;32m  OK  [0m] Started Commit a transient machine-id on disk.
         Starting Update UTMP about System Boot/Shutdown...
[[0;32m  OK  [0m] Started udev Kernel Device Manager.
[[0;32m  OK  [0m] Started Update UTMP about System Boot/Shutdown.
[[0;32m  OK  [0m] Started udev Coldplug all Devices.
[[0;32m  OK  [0m] Started Dispatch Password Requests to Console Directory Watch.
[[0;32m  OK  [0m] Found device /dev/ttyS0.
[[0;32m  OK  [0m] Listening on Load/Save RF Kill Switch Status /dev/rfkill Watch.
[[0;32m  OK  [0m] Started LSB: AppArmor initialization.
         Starting Load AppArmor profiles managed internally by snapd...
[[0;32m  OK  [0m] Started Load AppArmor profiles managed internally by snapd.
[   63.947571] cloud-init[493]: Cloud-init v. 20.2-45-g5f7825e2-0ubuntu1~16.04.1 running 'init-local' at Tue, 28 Jul 2020 17:36:09 +0000. Up 60.34 seconds.
[[0;32m  OK  [0m] Started Initial cloud-init job (pre-networking).
[[0;32m  OK  [0m] Reached target Network (Pre).
         Starting Raise network interfaces...
[[0;32m  OK  [0m] Started Set console font and keymap.
[[0;32m  OK  [0m] Created slice system-getty.slice.
[[0;32m  OK  [0m] Started Raise network interfaces.
         Starting Initial cloud-init job (metadata service crawler)...
[[0;32m  OK  [0m] Reached target Network.
[   74.700106] cloud-init[977]: Cloud-init v. 20.2-45-g5f7825e2-0ubuntu1~16.04.1 running 'init' at Tue, 28 Jul 2020 17:36:19 +0000. Up 70.65 seconds.
[   74.739237] cloud-init[977]: ci-info: ++++++++++++++++++++++++++++++++++++++Net device info+++++++++++++++++++++++++++++++++++++++
[   74.750094] cloud-init[977]: ci-info: +--------+-------+----------------------------+---------------+--------+-------------------+
[   74.772164] cloud-init[977]: ci-info: | Device |   Up  |          Address           |      Mask     | Scope  |     Hw-Address    |
[   74.788107] cloud-init[977]: ci-info: +--------+-------+----------------------------+---------------+--------+-------------------+
[   74.905286] cloud-init[977]: ci-info: | enp0s3 |  True |         10.0.2.15          | 255.255.255.0 | global | 02:81:88:50:25:98 |
[   74.914918] cloud-init[977]: ci-info: | enp0s3 |  True | fe80::81:88ff:fe50:2598/64 |       .       |  link  | 02:81:88:50:25:98 |
[   74.929554] cloud-init[977]: ci-info: | enp0s8 | False |             .              |       .       |   .    | 08:00:27:0e:5b:1c |
[   74.948337] cloud-init[977]: ci-info: |   lo   |  True |         127.0.0.1          |   255.0.0.0   |  host  |         .         |
[   74.957752] cloud-init[977]: ci-info: |   lo   |  True |          ::1/128           |       .       |  host  |         .         |
[   74.962897] cloud-init[977]: ci-info: +--------+-------+----------------------------+---------------+--------+-------------------+
[   74.976961] cloud-init[977]: ci-info: +++++++++++++++++++++++++++Route IPv4 info++++++++++++++++++++++++++++
[   74.990066] cloud-init[977]: ci-info: +-------+-------------+----------+---------------+-----------+-------+
[   75.021075] cloud-init[977]: ci-info: | Route | Destination | Gateway  |    Genmask    | Interface | Flags |
[   75.072964] cloud-init[977]: ci-info: +-------+-------------+----------+---------------+-----------+-------+
[   75.092687] cloud-init[977]: ci-info: |   0   |   0.0.0.0   | 10.0.2.2 |    0.0.0.0    |   enp0s3  |   UG  |
[   75.118131] cloud-init[977]: ci-info: |   1   |   10.0.2.0  | 0.0.0.0  | 255.255.255.0 |   enp0s3  |   U   |
[   75.124974] cloud-init[977]: ci-info: +-------+-------------+----------+---------------+-----------+-------+
[   75.144013] cloud-init[977]: ci-info: +++++++++++++++++++Route IPv6 info+++++++++++++++++++
[   75.154802] cloud-init[977]: ci-info: +-------+-------------+---------+-----------+-------+
[   75.161083] cloud-init[977]: ci-info: | Route | Destination | Gateway | Interface | Flags |
[   75.168951] cloud-init[977]: ci-info: +-------+-------------+---------+-----------+-------+
[   75.205108] cloud-init[977]: ci-info: |   0   |  fe80::/64  |    ::   |   enp0s3  |   U   |
[[0;32m  OK  [0m] Started Initial cloud-init job (metadata service crawler).
[[0;32m  OK  [0m] Reached target Cloud-config availability.
[[0;32m  OK  [0m] Reached target System Initialization.
[   75.226212]          Starting LXD - unix socket.
[[0;32m  OK  [0m] Started Message of the Day.
[[0;32m  OK  [0m] Started Daily apt download activities.
[[0;32m  OK  [0m] Listening on ACPID Listen Socket.
[[0;32m  OK  [0m] Listening on UUID daemon activation socket.
         Starting Socket activation for snappy daemon.
[[0;32m  OK  [0m] Started Daily Cleanup of Temporary Directories.
cloud-init[977]: ci-info: |   4   |   ff00::/8  |    ::   |   enp0s3  |   U   |
[   75.409852] cloud-init[977]: ci-info: +-------+-------------+---------+-----------+-------+
[   75.421375] cloud-init[977]: Generating public/private rsa key pair.
[   75.433455] cloud-init[977]: Your identification has been saved in /etc/ssh/ssh_host_rsa_key.
[   75.434310] cloud-init[977]: Your public key has been saved in /etc/ssh/ssh_host_rsa_key.pub.
[   75.434391] cloud-init[977]: The key fingerprint is:
[   75.434462] cloud-init[977]: SHA256:npw23SJxq4n4ajHlRDLIEmJqDiPNOht56z29b+LQbf8 root@ubuntu-xenial
[   75.434526] cloud-init[977]: The key's randomart image is:
[   75.434587] cloud-init[977]: +---[RSA 2048]----+
[   75.434651] cloud-init[977]: |o+ .             |
[   75.434776] cloud-init[977]: |=oo o .          |
[   75.434880] cloud-init[977]: |=oo  +           |
[   75.434944] cloud-init[977]: |=+    o          |
[   75.435016] cloud-init[977]: |=..  +  S .      |
[   75.435080] cloud-init[977]: | = .o..+ * o     |
[   75.435142] cloud-init[977]: |. . .+. @ + .    |
[   75.435204] cloud-init[977]: | . .ooo+.* .     |
[   75.435266] cloud-init[977]: |  ..+===+ ..E    |
[   75.435329] cloud-init[977]: +----[SHA256]-----+
[   75.435393] cloud-init[977]: Generating public/private dsa key pair.
[   75.435456] cloud-init[977]: Your identification has been saved in /etc/ssh/ssh_host_dsa_key.
[   75.435522] cloud-init[977]: Your public key has been saved in /etc/ssh/ssh_host_dsa_key.pub.
[   75.435643] cloud-init[977]: The key fingerprint is:
[   75.435712] cloud-init[977]: SHA256:G0ihvd+vWh+WYJVWXwsdyr9bxTmqzMbpBtXTr5CDnlY root@ubuntu-xenial
[   75.435775] cloud-init[977]: The key's randomart image is:
[   75.435835] cloud-init[977]: +---[DSA 1024]----+
[   75.435895] cloud-init[977]: |      .      .o.o|
[   75.435956] cloud-init[977]: |     o .    .oooo|
[   75.436019] cloud-init[977]: |    . o     =o...|
[   75.436081] cloud-init[977]: |     . o   + o.o.|
[   75.436141] cloud-init[977]: |      o S +. ..++|
[   75.436207] cloud-init[977]: |       . *..E.. =|
[   75.436270] cloud-init[977]: |        o.=o=+ o.|
[[0;32m  OK  [0m] Started ACPI Events Check.
[   75.439246] cloud-init[977]: |         .*O... o|
[   75.564631] cloud-init[977]: |        .o=*o  . |
[   75.564675] cloud-init[977]: +----[SHA256]-----+
[   75.564713] cloud-init[977]: Generating public/private ecdsa key pair.
[   75.564749] cloud-init[977]: Your identification has been saved in /etc/ssh/ssh_host_ecdsa_key.
[   75.564860] cloud-init[977]: Your public key has been saved in /etc/ssh/ssh_host_ecdsa_key.pub.
[   75.564905] cloud-init[977]: The key fingerprint is:
[   75.564942] cloud-init[977]: SHA256:BZV7IQvBoNI7BXv/DzPcbGd72BizR0TeiXa25aOjIPI root@ubuntu-xenial
[   75.564978] cloud-init[977]: The key's randomart image is:
[   75.565013] cloud-init[977]: +---[ECDSA 256]---+
[   75.565048] cloud-init[977]: |    . .ooo..     |
[   75.565085] cloud-init[977]: |   . +  o.o .   .|
[   75.565121] cloud-init[977]: |  . + o  ..+ ..oo|
[   75.565156] cloud-init[977]: |   . + . .o .o +=|
[   75.565191] cloud-init[977]: |    o   S  .. ooo|
[   75.565227] cloud-init[977]: |     .   o o  ooo|
[   75.565263] cloud-init[977]: |     . . .* + +O.|
[   75.565303] cloud-init[977]: |      o . .* =+.+|
[   75.565338] cloud-init[977]: |       E   .o oo |
[   75.565374] cloud-init[977]: +----[SHA256]-----+
[   75.565408] cloud-init[977]: Generating public/private ed25519 key pair.
[   75.565445] cloud-init[977]: Your identification has been saved in /etc/ssh/ssh_host_ed25519_key.
[   75.565925] cloud-init[977]: Your public key has been saved in /etc/ssh/ssh_host_ed25519_key.pub.
[   75.565974] cloud-init[977]: The key fingerprint is:
[   75.566012] cloud-init[977]: SHA256:xZ1D8/VuUBHzsBoNtO/GnExNZ3kQxAZGiQrAoT5xTZY root@ubuntu-xenial
[   75.566050] cloud-init[977]: The key's randomart image is:
[[0;32m  OK  [0m] Reached target Paths.
[[0;32m  OK  [0m] Started Daily apt upgrade and clean activities.
[[0;32m  OK  [0m] Reached target Timers.
[[0;32m  OK  [0m] Listening on D-Bus System Message Bus Socket.
[[0;32m  OK  [0m] Reached target Network is Online.
[   75.566281] cloud-init[977]: +--[ED25519 256]--+
         Starting iSCSI initiator daemon (iscsid)...
[   75.671485] cloud-init[977]: |   .ooo.   +O====|
[   75.695916] cloud-init[977]: |   ..+E  ..+.Bo*=|
[   75.698537] cloud-init[977]: |  o . .. .o *.=.B|
[   75.701755] cloud-init[977]: | . o    ..   = *o|
[   75.704814] cloud-init[977]: |  o     S   . o +|
[   75.709857] cloud-init[977]: |   .         * o |
[   75.711453] cloud-init[977]: |              B  |
[   75.713660] cloud-init[977]: |             .   |
[   75.715584] cloud-init[977]: |                 |
[[0;32m  OK  [0m] Listening on LXD - unix socket.
[[0;32m  OK  [0m] Listening on Socket activation for snappy daemon.
[   75.721821] cloud-init[977]: +----[SHA256]-----+
[[0;32m  OK  [0m] Reached target Sockets.
[[0;32m  OK  [0m] Reached target Basic System.
[[0;32m  OK  [0m] Started Regular background program processing daemon.
         Starting Pollinate to seed the pseudo random number generator...
[[0;32m  OK  [0m] Started Deferred execution scheduler.
         Starting /etc/rc.local Compatibility...
         Starting Login Service...
         Starting LXD - container startup/shutdown...
[[0;32m  OK  [0m] Started D-Bus System Message Bus.
         Starting LSB: MD monitoring daemon...
         Starting Virtualbox guest utils...
         Starting LSB: Record successful boot for GRUB...
[[0;32m  OK  [0m] Started FUSE filesystem for LXC.
[[0;32m  OK  [0m] Started ACPI event daemon.
         Starting System Logging Service...
         Starting Accounts Service...
         Starting Snap Daemon...
[[0;32m  OK  [0m] Started iSCSI initiator daemon (iscsid).
[[0;32m  OK  [0m] Started /etc/rc.local Compatibility.
         Starting Login to default iSCSI targets...
[[0;32m  OK  [0m] Started Login Service.
[[0;32m  OK  [0m] Started System Logging Service.
[[0;32m  OK  [0m] Started Unattended Upgrades Shutdown.
[[0;32m  OK  [0m] Started LSB: Record successful boot for GRUB.
[[0;32m  OK  [0m] Started LSB: MD monitoring daemon.
[[0;32m  OK  [0m] Started Login to default iSCSI targets.
[[0;32m  OK  [0m] Reached target Remote File Systems (Pre).
[[0;32m  OK  [0m] Reached target Remote File Systems.
         Starting LSB: automatic crash report generation...
         Starting LSB: Set the CPU Frequency Scaling governor to "ondemand"...
         Starting LSB: daemon to balance interrupts for SMP systems...
         Starting Permit User Sessions...
[[0;32m  OK  [0m] Started LXD - container startup/shutdown.
[[0;32m  OK  [0m] Started Permit User Sessions.
         Starting Authenticate and Authorize Users to Run Privileged Tasks...
         Starting Hold until boot process finishes up...
         Starting Terminate Plymouth Boot Screen...
[[0;32m  OK  [0m] Started Terminate Plymouth Boot Screen.
[[0;32m  OK  [0m] Started Hold until boot process finishes up.
[[0;32m  OK  [0m] Started Authenticate and Authorize Users to Run Privileged Tasks.
[[0;32m  OK  [0m] Started Serial Getty on ttyS0.
         Starting Set console scheme...
[[0;32m  OK  [0m] Started Getty on tty1.
[[0;32m  OK  [0m] Reached target Login Prompts.
[[0;32m  OK  [0m] Started LSB: automatic crash report generation.
[[0;32m  OK  [0m] Started LSB: Set the CPU Frequency Scaling governor to "ondemand".
[[0;32m  OK  [0m] Started Set console scheme.
[[0;32m  OK  [0m] Started Accounts Service.
[[0;32m  OK  [0m] Started Virtualbox guest utils.
[[0;32m  OK  [0m] Started LSB: daemon to balance interrupts for SMP systems.
[[0;32m  OK  [0m] Started Pollinate to seed the pseudo random number generator.
         Starting OpenBSD Secure Shell server...
[[0;32m  OK  [0m] Started OpenBSD Secure Shell server.
[[0;32m  OK  [0m] Started Snap Daemon.
         Starting Wait until snapd is fully seeded...
[[0;32m  OK  [0m] Created slice User Slice of vagrant.
         Starting User Manager for UID 1000...
[[0;32m  OK  [0m] Started Session 1 of user vagrant.
[[0;32m  OK  [0m] Started User Manager for UID 1000.

Ubuntu 16.04.6 LTS ubuntu-xenial ttyS0

ubuntu-xenial login: [   94.668769] cloud-init[1366]: Generating locales (this might take a while)...
[  106.857303] cloud-init[1366]:   en_US.UTF-8... done
[  106.861315] cloud-init[1366]: Generation complete.
[  110.591506] cloud-init[1366]: Cloud-init v. 20.2-45-g5f7825e2-0ubuntu1~16.04.1 running 'modules:config' at Tue, 28 Jul 2020 17:36:40 +0000. Up 91.07 seconds.
ci-info: no authorized SSH keys fingerprints found for user ubuntu.
<14>Jul 28 17:37:07 ec2: 
<14>Jul 28 17:37:07 ec2: #############################################################
<14>Jul 28 17:37:07 ec2: -----BEGIN SSH HOST KEY FINGERPRINTS-----
<14>Jul 28 17:37:07 ec2: 1024 SHA256:G0ihvd+vWh+WYJVWXwsdyr9bxTmqzMbpBtXTr5CDnlY root@ubuntu-xenial (DSA)
<14>Jul 28 17:37:07 ec2: 256 SHA256:BZV7IQvBoNI7BXv/DzPcbGd72BizR0TeiXa25aOjIPI root@ubuntu-xenial (ECDSA)
<14>Jul 28 17:37:07 ec2: 256 SHA256:xZ1D8/VuUBHzsBoNtO/GnExNZ3kQxAZGiQrAoT5xTZY root@ubuntu-xenial (ED25519)
<14>Jul 28 17:37:07 ec2: 2048 SHA256:npw23SJxq4n4ajHlRDLIEmJqDiPNOht56z29b+LQbf8 root@ubuntu-xenial (RSA)
<14>Jul 28 17:37:07 ec2: -----END SSH HOST KEY FINGERPRINTS-----
<14>Jul 28 17:37:07 ec2: #############################################################
-----BEGIN SSH HOST KEY KEYS-----
ecdsa-sha2-nistp256 AAAAE2VjZHNhLXNoYTItbmlzdHAyNTYAAAAIbmlzdHAyNTYAAABBBKO0TFyVGMXYWuF8M6pCU33FpQqnhsrB3poAmdArlwFX1zPA9AfinS1TFVEAKfIkSJcoXy2FO8UXKBxxhd/MKLE= root@ubuntu-xenial
ssh-ed25519 AAAAC3NzaC1lZDI1NTE5AAAAIB7MQWrpcnw+HhoyJ6tJlZB/2qURwpLupPNUV8tO8hRe root@ubuntu-xenial
ssh-rsa AAAAB3NzaC1yc2EAAAADAQABAAABAQC85/yEVgLxUOZoXaJ/iqRS0G6KME5TIR6WskgImV63t+0EQM8wCRKndK5FLyKJVMJ4sAFV7o6QjbItwv2y+VfZ1fW3W1P4DQLB5RxMynQJeXys05BJAkohH43r33D215qrzyYCjwP3Jkf76qlDdYf0Ou282vNMHuD9W2P6S8J9rMmde2CNSUa6x94HbV5uGESigKfj/QbX3t2pWdHUYqh80G6l5lKNcXliyLzZi5NxfppNq2yHaKuWddfEIJIPsGDtKdB7oWF8lgrsEDixvTOJgzjPhwZgnFw3EP1VVGMIbw9ZVhZeS7DxGSlJuIxoPTsPsU4a5C2zy2KMp/HVXodP root@ubuntu-xenial
-----END SSH HOST KEY KEYS-----
[  118.889109] cloud-init[1500]: Cloud-init v. 20.2-45-g5f7825e2-0ubuntu1~16.04.1 running 'modules:final' at Tue, 28 Jul 2020 17:37:05 +0000. Up 116.33 seconds.
[  118.892337] cloud-init[1500]: ci-info: no authorized SSH keys fingerprints found for user ubuntu.
[  118.892888] cloud-init[1500]: Cloud-init v. 20.2-45-g5f7825e2-0ubuntu1~16.04.1 finished at Tue, 28 Jul 2020 17:37:07 +0000. Datasource DataSourceNoCloud [seed=/dev/sdb][dsmode=net].  Up 118.45 seconds
